[2023-03-05 12:17:23.294] [info] Logseq App(0.8.18) Starting... 
[2023-03-05 12:17:23.299] [info] restore proxy settings {:type "system"}
[2023-03-05 12:17:23.300] [info] set proxy to {:type "system"}
[2023-03-05 12:17:25.698] [debug] :electron.handler/watch-dir {:path "/home/matteo/.logseq/config"}
[2023-03-05 12:17:25.724] [debug] :electron.handler/unwatch-dir {:path "/local"}
[2023-03-05 12:17:25.725] [debug] :electron.handler/watch-dir {:path "/local"}
[2023-03-05 12:17:30.804] [info] :electron.handler/open-dir open folder selection dialog
[2023-03-05 12:17:39.054] [debug] :electron.handler/open-dir {:path "/home/matteo/appunti/fondamenti_intelligenza_artificiale"}
[2023-03-05 12:17:39.675] [debug] :electron.handler/watch-dir {:path "/home/matteo/appunti/fondamenti_intelligenza_artificiale"}
[2023-03-05 12:18:21.598] [info] :electron.handler/open-dir open folder selection dialog
[2023-03-05 12:18:29.782] [debug] :electron.handler/open-dir {:path "/home/matteo/appunti/ingegneria_sistemi_software"}
[2023-03-05 12:18:30.110] [debug] :electron.handler/watch-dir {:path "/home/matteo/appunti/ingegneria_sistemi_software"}
[2023-03-05 12:18:34.635] [info] :electron.handler/open-dir open folder selection dialog
[2023-03-05 12:18:40.686] [debug] :electron.handler/open-dir {:path "/home/matteo/appunti/tecnologie_basi_dati"}
[2023-03-05 12:18:41.253] [debug] :electron.handler/watch-dir {:path "/home/matteo/appunti/tecnologie_basi_dati"}
[2023-03-05 12:18:59.224] [debug] window-all-closed Quitting...
[2023-03-05 12:19:02.911] [info] Logseq App(0.8.18) Starting... 
[2023-03-05 12:19:02.916] [info] restore proxy settings {:type "system"}
[2023-03-05 12:19:02.917] [info] set proxy to {:type "system"}
[2023-03-05 12:19:05.156] [debug] :electron.handler/watch-dir {:path "/home/matteo/.logseq/config"}
[2023-03-05 12:19:05.171] [debug] :electron.handler/unwatch-dir {:path "/home/matteo/appunti/tecnologie_basi_dati"}
[2023-03-05 12:19:05.172] [debug] :electron.handler/watch-dir {:path "/home/matteo/appunti/tecnologie_basi_dati"}
[2023-03-05 12:19:12.909] [debug] window-all-closed Quitting...
[2023-03-05 15:06:19.832] [info] Logseq App(0.8.18) Starting... 
[2023-03-05 15:06:19.836] [info] restore proxy settings {:type "system"}
[2023-03-05 15:06:19.837] [info] set proxy to {:type "system"}
[2023-03-05 15:06:22.126] [debug] :electron.handler/watch-dir {:path "/home/matteo/.logseq/config"}
[2023-03-05 15:06:22.142] [debug] :electron.handler/unwatch-dir {:path "/home/matteo/appunti/tecnologie_basi_dati"}
[2023-03-05 15:06:22.143] [debug] :electron.handler/watch-dir {:path "/home/matteo/appunti/tecnologie_basi_dati"}
[2023-03-05 15:09:43.489] [debug] window-all-closed Quitting...
[2023-03-06 10:44:31.240] [info] Logseq App(0.8.18) Starting... 
[2023-03-06 10:44:31.246] [info] restore proxy settings {:type "system"}
[2023-03-06 10:44:31.247] [info] set proxy to {:type "system"}
[2023-03-06 10:44:33.647] [debug] :electron.handler/watch-dir {:path "/home/matteo/.logseq/config"}
[2023-03-06 10:44:33.668] [debug] :electron.handler/unwatch-dir {:path "/home/matteo/appunti/tecnologie_basi_dati"}
[2023-03-06 10:44:33.670] [debug] :electron.handler/watch-dir {:path "/home/matteo/appunti/tecnologie_basi_dati"}
[2023-03-06 10:45:35.550] [debug] :electron.handler/watch-dir {:path "/home/matteo/appunti/ingegneria_sistemi_software"}
[2023-03-06 10:46:05.436] [debug] [Marketplace] Installing: haydenull/logseq-plugin-git
[2023-03-06 10:46:05.742] [debug] [Marketplace] [Release URL]  https://api.github.com/repos/haydenull/logseq-plugin-git/releases/latest [Response Status/Text] 200 -
[2023-03-06 10:46:05.758] [debug] [Marketplace] [Release Asset] # v1.5.0  => https://api.github.com/repos/haydenull/logseq-plugin-git/releases/assets/95685485
[2023-03-06 10:46:06.857] [debug] [Marketplace] [UpdatedDONE] v1.5.0
[2023-03-06 10:47:14.537] [error] Search blocks failed:  SqliteError: fts5: syntax error near ")"
[2023-03-06 11:48:34.299] [info] :electron.handler/backup backup db file /home/matteo/appunti/ingegneria_sistemi_software/logseq/config.edn
[2023-03-06 13:47:50.406] [debug] window-all-closed Quitting...
[2023-03-07 09:24:18.319] [info] Logseq App(0.8.18) Starting... 
[2023-03-07 09:24:18.324] [info] restore proxy settings {:type "system"}
[2023-03-07 09:24:18.325] [info] set proxy to {:type "system"}
[2023-03-07 09:24:20.701] [debug] :electron.handler/watch-dir {:path "/home/matteo/.logseq/config"}
[2023-03-07 09:24:20.737] [debug] :electron.handler/unwatch-dir {:path "/home/matteo/appunti/ingegneria_sistemi_software"}
[2023-03-07 09:24:20.738] [debug] :electron.handler/watch-dir {:path "/home/matteo/appunti/ingegneria_sistemi_software"}
[2023-03-08 20:50:17.752] [info] Logseq App(0.8.18) Starting... 
[2023-03-08 20:50:17.757] [info] restore proxy settings {:type "system"}
[2023-03-08 20:50:17.757] [info] set proxy to {:type "system"}
[2023-03-08 20:50:20.080] [debug] :electron.handler/watch-dir {:path "/home/matteo/.logseq/config"}
[2023-03-08 20:50:20.117] [debug] :electron.handler/unwatch-dir {:path "/home/matteo/appunti/ingegneria_sistemi_software"}
[2023-03-08 20:50:20.118] [debug] :electron.handler/watch-dir {:path "/home/matteo/appunti/ingegneria_sistemi_software"}
[2023-03-08 20:50:24.077] [debug] :electron.handler/watch-dir {:path "/home/matteo/appunti/tecnologie_basi_dati"}
[2023-03-08 21:21:15.178] [debug] [Marketplace] Installing: hyrijk/logseq-plugin-block-to-page
[2023-03-08 21:21:15.523] [debug] [Marketplace] [Release URL]  https://api.github.com/repos/hyrijk/logseq-plugin-block-to-page/releases/latest [Response Status/Text] 200 -
[2023-03-08 21:21:15.529] [debug] [Marketplace] [Release Asset] # v1.3.0  => https://api.github.com/repos/hyrijk/logseq-plugin-block-to-page/releases/assets/60752974
[2023-03-08 21:21:17.227] [debug] [Marketplace] [UpdatedDONE] v1.3.0
[2023-03-08 21:26:15.727] [info] :electron.handler/backup backup db file /home/matteo/appunti/tecnologie_basi_dati/logseq/config.edn
[2023-03-08 21:26:26.431] [info] :electron.handler/backup backup db file /home/matteo/appunti/tecnologie_basi_dati/logseq/config.edn
[2023-03-08 22:05:48.049] [info] :electron.handler/rename from /home/matteo/appunti/tecnologie_basi_dati/pages/PAGINA.md to /home/matteo/appunti/tecnologie_basi_dati/pages/PAGINE.md
[2023-03-08 22:05:48.151] [debug] :electron.fs-watcher/on-unlink {:path "/home/matteo/appunti/tecnologie_basi_dati/pages/PAGINA.md"}
[2023-03-08 22:11:57.217] [debug] window-all-closed Quitting...
[2023-03-08 22:12:02.636] [info] Logseq App(0.8.18) Starting... 
[2023-03-08 22:12:02.641] [info] restore proxy settings {:type "system"}
[2023-03-08 22:12:02.642] [info] set proxy to {:type "system"}
[2023-03-08 22:12:05.225] [debug] :electron.handler/watch-dir {:path "/home/matteo/.logseq/config"}
[2023-03-08 22:12:05.264] [debug] :electron.handler/unwatch-dir {:path "/home/matteo/appunti/tecnologie_basi_dati"}
[2023-03-08 22:12:05.265] [debug] :electron.handler/watch-dir {:path "/home/matteo/appunti/tecnologie_basi_dati"}
[2023-03-08 22:27:24.755] [info] :electron.handler/rename from /home/matteo/appunti/tecnologie_basi_dati/pages/((63ff461e-09e6-4ad9-8172-b9461cfe0adc)).md to /home/matteo/appunti/tecnologie_basi_dati/pages/SEQUENTIAL FILE.md
[2023-03-08 22:27:24.859] [debug] :electron.fs-watcher/on-unlink {:path "/home/matteo/appunti/tecnologie_basi_dati/pages/((63ff461e-09e6-4ad9-8172-b9461cfe0adc)).md"}
[2023-03-08 22:31:03.071] [error] Search blocks failed:  SqliteError: no such column: 65be
[2023-03-08 22:36:24.382] [info] :electron.handler/rename from /home/matteo/appunti/tecnologie_basi_dati/pages/%2A%2AINDICI%2A%2A.md to /home/matteo/appunti/tecnologie_basi_dati/pages/INDICI.md
[2023-03-08 22:36:24.484] [debug] :electron.fs-watcher/on-unlink {:path "/home/matteo/appunti/tecnologie_basi_dati/pages/%2A%2AINDICI%2A%2A.md"}
[2023-03-08 22:43:20.287] [info] :electron.handler/rename from /home/matteo/appunti/tecnologie_basi_dati/pages/tipologie.md to /home/matteo/appunti/tecnologie_basi_dati/pages/tipologie di indici.md
[2023-03-08 22:43:20.389] [debug] :electron.fs-watcher/on-unlink {:path "/home/matteo/appunti/tecnologie_basi_dati/pages/tipologie.md"}
[2023-03-08 23:37:38.743] [debug] window-all-closed Quitting...
[2023-03-09 09:08:00.337] [info] Logseq App(0.8.18) Starting... 
[2023-03-09 09:08:00.343] [info] restore proxy settings {:type "system"}
[2023-03-09 09:08:00.344] [info] set proxy to {:type "system"}
[2023-03-09 09:08:03.180] [debug] :electron.handler/watch-dir {:path "/home/matteo/.logseq/config"}
[2023-03-09 09:08:03.213] [debug] :electron.handler/unwatch-dir {:path "/home/matteo/appunti/tecnologie_basi_dati"}
[2023-03-09 09:08:03.214] [debug] :electron.handler/watch-dir {:path "/home/matteo/appunti/tecnologie_basi_dati"}
[2023-03-09 09:08:15.406] [debug] :electron.handler/watch-dir {:path "/home/matteo/appunti/fondamenti_intelligenza_artificiale"}
[2023-03-09 09:09:31.099] [info] :electron.handler/rename from /home/matteo/appunti/fondamenti_intelligenza_artificiale/pages/%2A%2Atipologie di apprendimento%2A%2A.md to /home/matteo/appunti/fondamenti_intelligenza_artificiale/pages/tipologie di apprendimento.md
[2023-03-09 09:09:31.201] [debug] :electron.fs-watcher/on-unlink {:path "/home/matteo/appunti/fondamenti_intelligenza_artificiale/pages/%2A%2Atipologie di apprendimento%2A%2A.md"}
[2023-03-09 09:14:15.709] [info] :electron.handler/backup backup db file /home/matteo/appunti/fondamenti_intelligenza_artificiale/logseq/config.edn
[2023-03-09 09:14:18.092] [info] :electron.handler/backup backup db file /home/matteo/appunti/fondamenti_intelligenza_artificiale/logseq/config.edn
[2023-03-09 09:16:53.002] [debug] [Marketplace] Installing: haydenull/logseq-plugin-file-manager
[2023-03-09 09:16:53.482] [debug] [Marketplace] [Release URL]  https://api.github.com/repos/haydenull/logseq-plugin-file-manager/releases/latest [Response Status/Text] 200 -
[2023-03-09 09:16:53.490] [debug] [Marketplace] [Release Asset] # v1.3.0  => https://api.github.com/repos/haydenull/logseq-plugin-file-manager/releases/assets/63407109
[2023-03-09 09:16:59.379] [debug] [Marketplace] [UpdatedDONE] v1.3.0
[2023-03-09 09:19:52.432] [debug] [Marketplace] [Uninstall] /home/matteo/.logseq/plugins/logseq-file-manager
[2023-03-09 09:42:41.779] [debug] :electron.fs-watcher/on-unlink {:path "/home/matteo/appunti/fondamenti_intelligenza_artificiale/assets/image_1677845075199_0.png"}
[2023-03-09 10:50:33.923] [info] Logseq App(0.8.18) Starting... 
[2023-03-09 10:50:33.931] [info] restore proxy settings {:type "system"}
[2023-03-09 10:50:33.932] [info] set proxy to {:type "system"}
[2023-03-09 10:50:37.128] [debug] :electron.handler/watch-dir {:path "/home/matteo/.logseq/config"}
[2023-03-09 10:50:37.193] [debug] :electron.handler/unwatch-dir {:path "/home/matteo/appunti/fondamenti_intelligenza_artificiale"}
[2023-03-09 10:50:37.194] [debug] :electron.handler/watch-dir {:path "/home/matteo/appunti/fondamenti_intelligenza_artificiale"}
[2023-03-09 10:50:37.738] [info] :electron.handler/backup backup db file /home/matteo/appunti/fondamenti_intelligenza_artificiale/journals/2023_02_24.md
[2023-03-09 10:50:37.746] [info] :electron.handler/backup backup db file /home/matteo/appunti/fondamenti_intelligenza_artificiale/journals/2023_03_02.md
[2023-03-09 10:50:38.202] [info] :electron.handler/backup backup db file /home/matteo/appunti/fondamenti_intelligenza_artificiale/logseq/config.edn
[2023-03-09 11:45:01.284] [debug] window-all-closed Quitting...
[2023-03-09 12:04:59.576] [info] Logseq App(0.8.18) Starting... 
[2023-03-09 12:04:59.581] [info] restore proxy settings {:type "system"}
[2023-03-09 12:04:59.581] [info] set proxy to {:type "system"}
[2023-03-09 12:05:01.982] [debug] :electron.handler/watch-dir {:path "/home/matteo/.logseq/config"}
[2023-03-09 12:05:02.014] [debug] :electron.handler/unwatch-dir {:path "/home/matteo/appunti/fondamenti_intelligenza_artificiale"}
[2023-03-09 12:05:02.015] [debug] :electron.handler/watch-dir {:path "/home/matteo/appunti/fondamenti_intelligenza_artificiale"}
[2023-03-09 12:05:35.846] [debug] :electron.handler/watch-dir {:path "/home/matteo/appunti/ingegneria_sistemi_software"}
[2023-03-09 12:05:38.686] [debug] :electron.handler/watch-dir {:path "/home/matteo/appunti/tecnologie_basi_dati"}
[2023-03-09 12:06:36.406] [info] :electron.handler/backup backup db file /home/matteo/appunti/tecnologie_basi_dati/logseq/config.edn
[2023-03-09 12:09:08.515] [info] :electron.handler/backup backup db file /home/matteo/appunti/tecnologie_basi_dati/logseq/config.edn
[2023-03-09 14:02:35.403] [debug] window-all-closed Quitting...
[2023-03-09 15:09:45.654] [info] Logseq App(0.8.18) Starting... 
[2023-03-09 15:09:45.659] [info] restore proxy settings {:type "system"}
[2023-03-09 15:09:45.660] [info] set proxy to {:type "system"}
[2023-03-09 15:09:48.030] [debug] :electron.handler/watch-dir {:path "/home/matteo/.logseq/config"}
[2023-03-09 15:09:48.058] [debug] :electron.handler/unwatch-dir {:path "/home/matteo/appunti/tecnologie_basi_dati"}
[2023-03-09 15:09:48.058] [debug] :electron.handler/watch-dir {:path "/home/matteo/appunti/tecnologie_basi_dati"}
[2023-03-09 15:09:54.879] [debug] :electron.handler/watch-dir {:path "/home/matteo/appunti/fondamenti_intelligenza_artificiale"}
[2023-03-09 15:09:57.213] [debug] :electron.handler/watch-dir {:path "/home/matteo/appunti/tecnologie_basi_dati"}
[2023-03-09 15:09:59.357] [debug] :electron.handler/watch-dir {:path "/home/matteo/appunti/ingegneria_sistemi_software"}
[2023-03-09 18:00:26.093] [debug] window-all-closed Quitting...
[2023-03-10 09:08:37.662] [info] Logseq App(0.8.18) Starting... 
[2023-03-10 09:08:37.668] [info] restore proxy settings {:type "system"}
[2023-03-10 09:08:37.669] [info] set proxy to {:type "system"}
[2023-03-10 09:08:40.071] [debug] :electron.handler/watch-dir {:path "/home/matteo/.logseq/config"}
[2023-03-10 09:08:40.110] [debug] :electron.handler/unwatch-dir {:path "/home/matteo/appunti/ingegneria_sistemi_software"}
[2023-03-10 09:08:40.111] [debug] :electron.handler/watch-dir {:path "/home/matteo/appunti/ingegneria_sistemi_software"}
[2023-03-10 09:08:45.930] [debug] :electron.handler/watch-dir {:path "/home/matteo/appunti/fondamenti_intelligenza_artificiale"}
[2023-03-10 09:26:01.930] [debug] [Marketplace] Installing: pengx17/logseq-dev-theme
[2023-03-10 09:26:02.229] [debug] [Marketplace] [Release URL]  https://api.github.com/repos/pengx17/logseq-dev-theme/releases/latest [Response Status/Text] 200 -
[2023-03-10 09:26:02.242] [debug] [Marketplace] [Release Asset] # v1.26.16  => https://api.github.com/repos/pengx17/logseq-dev-theme/releases/assets/96149309
[2023-03-10 09:26:02.990] [debug] [Marketplace] [UpdatedDONE] v1.26.16
[2023-03-10 10:06:11.116] [info] :electron.handler/backup backup db file /home/matteo/appunti/fondamenti_intelligenza_artificiale/logseq/custom.css
[2023-03-10 10:07:38.533] [info] :electron.handler/backup backup db file /home/matteo/appunti/fondamenti_intelligenza_artificiale/logseq/custom.css
[2023-03-10 10:10:09.760] [debug] [Marketplace] Installing: pengx17/logseq-plugin-tabs
[2023-03-10 10:10:10.006] [debug] [Marketplace] [Release URL]  https://api.github.com/repos/pengx17/logseq-plugin-tabs/releases/latest [Response Status/Text] 200 -
[2023-03-10 10:10:10.011] [debug] [Marketplace] [Release Asset] # v1.18.3  => https://api.github.com/repos/pengx17/logseq-plugin-tabs/releases/assets/98325543
[2023-03-10 10:10:10.800] [debug] [Marketplace] [UpdatedDONE] v1.18.3
[2023-03-10 10:10:51.531] [debug] window-all-closed Quitting...
[2023-03-10 10:10:58.842] [info] Logseq App(0.8.18) Starting... 
[2023-03-10 10:10:58.846] [info] restore proxy settings {:type "system"}
[2023-03-10 10:10:58.847] [info] set proxy to {:type "system"}
[2023-03-10 10:11:01.256] [debug] :electron.handler/watch-dir {:path "/home/matteo/.logseq/config"}
[2023-03-10 10:11:01.312] [debug] :electron.handler/unwatch-dir {:path "/home/matteo/appunti/fondamenti_intelligenza_artificiale"}
[2023-03-10 10:11:01.313] [debug] :electron.handler/watch-dir {:path "/home/matteo/appunti/fondamenti_intelligenza_artificiale"}
[2023-03-10 10:12:44.585] [debug] window-all-closed Quitting...
[2023-03-10 12:07:45.226] [info] Logseq App(0.8.18) Starting... 
[2023-03-10 12:07:45.233] [info] restore proxy settings {:type "system"}
[2023-03-10 12:07:45.234] [info] set proxy to {:type "system"}
[2023-03-10 12:07:48.145] [debug] :electron.handler/watch-dir {:path "/home/matteo/.logseq/config"}
[2023-03-10 12:07:48.212] [debug] :electron.handler/unwatch-dir {:path "/home/matteo/appunti/fondamenti_intelligenza_artificiale"}
[2023-03-10 12:07:48.213] [debug] :electron.handler/watch-dir {:path "/home/matteo/appunti/fondamenti_intelligenza_artificiale"}
[2023-03-10 12:28:08.768] [info] :electron.handler/backup backup db file /home/matteo/appunti/fondamenti_intelligenza_artificiale/logseq/custom.css
[2023-03-10 12:30:05.514] [info] :electron.handler/backup backup db file /home/matteo/appunti/fondamenti_intelligenza_artificiale/logseq/custom.css
[2023-03-10 12:31:00.545] [info] :electron.handler/backup backup db file /home/matteo/appunti/fondamenti_intelligenza_artificiale/logseq/custom.css
[2023-03-10 13:46:46.589] [debug] window-all-closed Quitting...
[2023-03-10 23:18:44.751] [info] Logseq App(0.8.18) Starting... 
[2023-03-10 23:18:44.757] [info] restore proxy settings {:type "system"}
[2023-03-10 23:18:44.757] [info] set proxy to {:type "system"}
[2023-03-10 23:18:47.336] [debug] :electron.handler/watch-dir {:path "/home/matteo/.logseq/config"}
[2023-03-10 23:18:47.389] [debug] :electron.handler/unwatch-dir {:path "/home/matteo/appunti/fondamenti_intelligenza_artificiale"}
[2023-03-10 23:18:47.389] [debug] :electron.handler/watch-dir {:path "/home/matteo/appunti/fondamenti_intelligenza_artificiale"}
[2023-03-10 23:18:51.714] [info] :electron.handler/open-dir open folder selection dialog
[2023-03-10 23:19:03.726] [debug] :electron.handler/open-dir {:path "/home/matteo/pensieri"}
[2023-03-10 23:19:03.857] [debug] :electron.handler/watch-dir {:path "/home/matteo/pensieri"}
[2023-03-10 23:23:57.004] [debug] [Marketplace] Installing: sawhney17/logseq-calendars-plugin
[2023-03-10 23:23:57.335] [debug] [Marketplace] [Release URL]  https://api.github.com/repos/sawhney17/logseq-calendars-plugin/releases/latest [Response Status/Text] 200 -
[2023-03-10 23:23:57.349] [debug] [Marketplace] [Release Asset] # 2.2.2  => https://api.github.com/repos/sawhney17/logseq-calendars-plugin/releases/assets/72032395
[2023-03-10 23:23:58.547] [debug] [Marketplace] [UpdatedDONE] 2.2.2
[2023-03-10 23:25:09.914] [debug] [Marketplace] [Uninstall] /home/matteo/.logseq/plugins/logseq-calendars-plugin
[2023-03-10 23:31:15.438] [debug] window-all-closed Quitting...
[2023-03-10 23:32:13.021] [info] Logseq App(0.8.18) Starting... 
[2023-03-10 23:32:13.024] [info] restore proxy settings {:type "system"}
[2023-03-10 23:32:13.025] [info] set proxy to {:type "system"}
[2023-03-10 23:32:15.517] [debug] :electron.handler/watch-dir {:path "/home/matteo/.logseq/config"}
[2023-03-10 23:32:15.568] [debug] :electron.handler/unwatch-dir {:path "/home/matteo/pensieri"}
[2023-03-10 23:32:15.569] [debug] :electron.handler/watch-dir {:path "/home/matteo/pensieri"}
[2023-03-11 11:47:18.244] [info] Logseq App(0.8.18) Starting... 
[2023-03-11 11:47:18.250] [info] restore proxy settings {:type "system"}
[2023-03-11 11:47:18.256] [info] set proxy to {:type "system"}
[2023-03-11 11:47:21.093] [debug] :electron.handler/watch-dir {:path "/home/matteo/.logseq/config"}
[2023-03-11 11:47:21.156] [debug] :electron.handler/unwatch-dir {:path "/home/matteo/pensieri"}
[2023-03-11 11:47:21.157] [debug] :electron.handler/watch-dir {:path "/home/matteo/pensieri"}
[2023-03-11 11:47:21.510] [info] :electron.handler/backup backup db file /home/matteo/pensieri/journals/2023_03_10.md
[2023-03-11 13:36:11.169] [debug] window-all-closed Quitting...
[2023-03-11 13:40:06.517] [info] Logseq App(0.8.18) Starting... 
[2023-03-11 13:40:06.522] [info] restore proxy settings {:type "system"}
[2023-03-11 13:40:06.529] [info] set proxy to {:type "system"}
[2023-03-11 13:40:09.370] [debug] :electron.handler/watch-dir {:path "/home/matteo/.logseq/config"}
[2023-03-11 13:40:09.430] [debug] :electron.handler/unwatch-dir {:path "/home/matteo/pensieri"}
[2023-03-11 13:40:09.431] [debug] :electron.handler/watch-dir {:path "/home/matteo/pensieri"}
[2023-03-11 13:40:09.825] [info] :electron.handler/backup backup db file /home/matteo/pensieri/journals/2023_03_10.md
[2023-03-11 13:40:16.531] [debug] window-all-closed Quitting...
[2023-03-11 13:41:12.697] [info] Logseq App(0.8.18) Starting... 
[2023-03-11 13:41:12.702] [info] restore proxy settings {:type "system"}
[2023-03-11 13:41:12.710] [info] set proxy to {:type "system"}
[2023-03-11 13:41:15.423] [debug] :electron.handler/watch-dir {:path "/home/matteo/.logseq/config"}
[2023-03-11 13:41:15.486] [debug] :electron.handler/unwatch-dir {:path "/home/matteo/pensieri"}
[2023-03-11 13:41:15.487] [debug] :electron.handler/watch-dir {:path "/home/matteo/pensieri"}
[2023-03-11 14:21:36.306] [info] Logseq App(0.8.18) Starting... 
[2023-03-11 14:21:36.309] [info] restore proxy settings {:type "system"}
[2023-03-11 14:21:36.310] [info] set proxy to {:type "system"}
[2023-03-11 14:21:38.741] [debug] :electron.handler/watch-dir {:path "/home/matteo/.logseq/config"}
[2023-03-11 14:21:38.790] [debug] :electron.handler/unwatch-dir {:path "/home/matteo/pensieri"}
[2023-03-11 14:21:38.790] [debug] :electron.handler/watch-dir {:path "/home/matteo/pensieri"}
[2023-03-11 14:41:58.960] [info] Logseq App(0.8.18) Starting... 
[2023-03-11 14:41:58.964] [info] restore proxy settings {:type "system"}
[2023-03-11 14:41:58.964] [info] set proxy to {:type "system"}
[2023-03-11 14:42:01.434] [debug] :electron.handler/watch-dir {:path "/home/matteo/.logseq/config"}
[2023-03-11 14:42:01.462] [debug] :electron.handler/unwatch-dir {:path "/home/matteo/pensieri"}
[2023-03-11 14:42:01.462] [debug] :electron.handler/watch-dir {:path "/home/matteo/pensieri"}
[2023-03-11 14:42:01.746] [info] :electron.handler/backup backup db file /home/matteo/pensieri/journals/2023_03_10.md
[2023-03-11 16:10:40.647] [info] Logseq App(0.8.18) Starting... 
[2023-03-11 16:10:40.651] [info] restore proxy settings {:type "system"}
[2023-03-11 16:10:40.651] [info] set proxy to {:type "system"}
[2023-03-11 16:10:43.207] [debug] :electron.handler/watch-dir {:path "/home/matteo/.logseq/config"}
[2023-03-11 16:10:43.259] [debug] :electron.handler/unwatch-dir {:path "/home/matteo/pensieri"}
[2023-03-11 16:10:43.260] [debug] :electron.handler/watch-dir {:path "/home/matteo/pensieri"}
[2023-03-11 16:10:43.574] [info] :electron.handler/backup backup db file /home/matteo/pensieri/journals/2023_03_10.md
[2023-03-11 17:13:19.304] [info] Logseq App(0.8.18) Starting... 
[2023-03-11 17:13:19.309] [info] restore proxy settings {:type "system"}
[2023-03-11 17:13:19.310] [info] set proxy to {:type "system"}
[2023-03-11 17:13:21.885] [debug] :electron.handler/watch-dir {:path "/home/matteo/.logseq/config"}
[2023-03-11 17:13:21.938] [debug] :electron.handler/unwatch-dir {:path "/home/matteo/pensieri"}
[2023-03-11 17:13:21.939] [debug] :electron.handler/watch-dir {:path "/home/matteo/pensieri"}
[2023-03-11 17:13:22.274] [info] :electron.handler/backup backup db file /home/matteo/pensieri/journals/2023_03_10.md
[2023-03-11 17:41:29.225] [info] Logseq App(0.8.18) Starting... 
[2023-03-11 17:41:29.229] [info] restore proxy settings {:type "system"}
[2023-03-11 17:41:29.229] [info] set proxy to {:type "system"}
[2023-03-11 17:41:31.773] [debug] :electron.handler/watch-dir {:path "/home/matteo/.logseq/config"}
[2023-03-11 17:41:31.823] [debug] :electron.handler/unwatch-dir {:path "/home/matteo/pensieri"}
[2023-03-11 17:41:31.824] [debug] :electron.handler/watch-dir {:path "/home/matteo/pensieri"}
[2023-03-11 17:41:32.126] [info] :electron.handler/backup backup db file /home/matteo/pensieri/journals/2023_03_10.md
[2023-03-11 17:58:06.208] [info] Logseq App(0.8.18) Starting... 
[2023-03-11 17:58:06.211] [info] restore proxy settings {:type "system"}
[2023-03-11 17:58:06.212] [info] set proxy to {:type "system"}
[2023-03-11 17:58:08.725] [debug] :electron.handler/watch-dir {:path "/home/matteo/.logseq/config"}
[2023-03-11 17:58:08.778] [debug] :electron.handler/unwatch-dir {:path "/home/matteo/pensieri"}
[2023-03-11 17:58:08.779] [debug] :electron.handler/watch-dir {:path "/home/matteo/pensieri"}
[2023-03-11 17:58:09.097] [info] :electron.handler/backup backup db file /home/matteo/pensieri/journals/2023_03_10.md
[2023-03-11 18:13:01.706] [info] Logseq App(0.8.18) Starting... 
[2023-03-11 18:13:01.711] [info] restore proxy settings {:type "system"}
[2023-03-11 18:13:01.712] [info] set proxy to {:type "system"}
[2023-03-11 18:13:04.206] [debug] :electron.handler/watch-dir {:path "/home/matteo/.logseq/config"}
[2023-03-11 18:13:04.258] [debug] :electron.handler/unwatch-dir {:path "/home/matteo/pensieri"}
[2023-03-11 18:13:04.258] [debug] :electron.handler/watch-dir {:path "/home/matteo/pensieri"}
[2023-03-11 18:13:04.580] [info] :electron.handler/backup backup db file /home/matteo/pensieri/journals/2023_03_10.md
[2023-03-11 18:24:11.110] [info] Logseq App(0.8.18) Starting... 
[2023-03-11 18:24:11.114] [info] restore proxy settings {:type "system"}
[2023-03-11 18:24:11.114] [info] set proxy to {:type "system"}
[2023-03-11 18:24:13.586] [debug] :electron.handler/watch-dir {:path "/home/matteo/.logseq/config"}
[2023-03-11 18:24:13.637] [debug] :electron.handler/unwatch-dir {:path "/home/matteo/pensieri"}
[2023-03-11 18:24:13.638] [debug] :electron.handler/watch-dir {:path "/home/matteo/pensieri"}
[2023-03-11 18:24:13.952] [info] :electron.handler/backup backup db file /home/matteo/pensieri/journals/2023_03_10.md
[2023-03-11 18:27:54.691] [debug] window-all-closed Quitting...
[2023-03-11 18:28:15.703] [info] Logseq App(0.8.18) Starting... 
[2023-03-11 18:28:15.707] [info] restore proxy settings {:type "system"}
[2023-03-11 18:28:15.708] [info] set proxy to {:type "system"}
[2023-03-11 18:28:18.168] [debug] :electron.handler/watch-dir {:path "/home/matteo/.logseq/config"}
[2023-03-11 18:28:18.221] [debug] :electron.handler/unwatch-dir {:path "/home/matteo/pensieri"}
[2023-03-11 18:28:18.222] [debug] :electron.handler/watch-dir {:path "/home/matteo/pensieri"}
[2023-03-11 18:28:18.560] [info] :electron.handler/backup backup db file /home/matteo/pensieri/journals/2023_03_10.md
[2023-03-11 19:41:08.716] [info] open-url {:url "--desktop-startup-id=i3/~|applications|logseq|logseq/3279-0-ice-braker_TIME4960627"}
[2023-03-11 19:41:08.717] [info] upon opening non-url {:error #object[TypeError TypeError [ERR_INVALID_URL]: Invalid URL]}
[2023-03-11 19:44:37.941] [debug] window-all-closed Quitting...
[2023-03-11 20:22:32.957] [info] Logseq App(0.8.18) Starting... 
[2023-03-11 20:22:32.961] [info] restore proxy settings {:type "system"}
[2023-03-11 20:22:32.961] [info] set proxy to {:type "system"}
[2023-03-11 20:22:35.390] [debug] :electron.handler/watch-dir {:path "/home/matteo/.logseq/config"}
[2023-03-11 20:22:35.438] [debug] :electron.handler/unwatch-dir {:path "/home/matteo/pensieri"}
[2023-03-11 20:22:35.439] [debug] :electron.handler/watch-dir {:path "/home/matteo/pensieri"}
[2023-03-11 20:22:35.741] [info] :electron.handler/backup backup db file /home/matteo/pensieri/journals/2023_03_10.md
[2023-03-11 20:53:16.109] [info] open-url {:url "--desktop-startup-id=i3/~|applications|logseq|logseq/17489-5-ice-braker_TIME9287919"}
[2023-03-11 20:53:16.109] [info] upon opening non-url {:error #object[TypeError TypeError [ERR_INVALID_URL]: Invalid URL]}
[2023-03-11 20:53:29.652] [info] open-url {:url "--desktop-startup-id=i3/~|applications|logseq|logseq/17489-6-ice-braker_TIME9301465"}
[2023-03-11 20:53:29.653] [info] upon opening non-url {:error #object[TypeError TypeError [ERR_INVALID_URL]: Invalid URL]}
[2023-03-11 20:54:13.310] [info] open-url {:url "--desktop-startup-id=i3/~|applications|logseq|logseq/17489-9-ice-braker_TIME9345131"}
[2023-03-11 20:54:13.310] [info] upon opening non-url {:error #object[TypeError TypeError [ERR_INVALID_URL]: Invalid URL]}
[2023-03-11 23:58:38.153] [info] Logseq App(0.8.18) Starting... 
[2023-03-11 23:58:38.158] [info] restore proxy settings {:type "system"}
[2023-03-11 23:58:38.159] [info] set proxy to {:type "system"}
[2023-03-11 23:58:41.043] [debug] :electron.handler/watch-dir {:path "/home/matteo/.logseq/config"}
[2023-03-11 23:58:41.108] [debug] :electron.handler/unwatch-dir {:path "/home/matteo/pensieri"}
[2023-03-11 23:58:41.109] [debug] :electron.handler/watch-dir {:path "/home/matteo/pensieri"}
[2023-03-11 23:58:41.499] [info] :electron.handler/backup backup db file /home/matteo/pensieri/journals/2023_03_10.md
[2023-03-12 00:12:39.405] [info] Logseq App(0.8.18) Starting... 
[2023-03-12 00:12:39.411] [info] restore proxy settings {:type "system"}
[2023-03-12 00:12:39.412] [info] set proxy to {:type "system"}
[2023-03-12 00:12:42.335] [debug] :electron.handler/watch-dir {:path "/home/matteo/.logseq/config"}
[2023-03-12 00:12:42.400] [debug] :electron.handler/unwatch-dir {:path "/home/matteo/pensieri"}
[2023-03-12 00:12:42.401] [debug] :electron.handler/watch-dir {:path "/home/matteo/pensieri"}
[2023-03-12 00:12:42.928] [info] :electron.handler/backup backup db file /home/matteo/pensieri/journals/2023_03_10.md
[2023-03-12 01:33:15.298] [info] :electron.handler/rename from /home/matteo/pensieri/pages/creare file per installazione automatizzata arch 7.md to /home/matteo/pensieri/pages/creare file per installazione automatizzata arch.md
[2023-03-12 01:33:15.401] [debug] :electron.fs-watcher/on-unlink {:path "/home/matteo/pensieri/pages/creare file per installazione automatizzata arch 7.md"}
[2023-03-12 01:34:24.397] [debug] window-all-closed Quitting...
[2023-03-12 12:03:35.751] [info] Logseq App(0.8.18) Starting... 
[2023-03-12 12:03:35.755] [info] restore proxy settings {:type "system"}
[2023-03-12 12:03:35.755] [info] set proxy to {:type "system"}
[2023-03-12 12:03:38.545] [debug] :electron.handler/watch-dir {:path "/home/matteo/.logseq/config"}
[2023-03-12 12:03:38.610] [debug] :electron.handler/unwatch-dir {:path "/home/matteo/pensieri"}
[2023-03-12 12:03:38.611] [debug] :electron.handler/watch-dir {:path "/home/matteo/pensieri"}
[2023-03-12 16:38:07.028] [info] Logseq App(0.8.18) Starting... 
[2023-03-12 16:38:07.032] [info] restore proxy settings {:type "system"}
[2023-03-12 16:38:07.033] [info] set proxy to {:type "system"}
[2023-03-12 16:38:09.568] [debug] :electron.handler/watch-dir {:path "/home/matteo/.logseq/config"}
[2023-03-12 16:38:09.625] [debug] :electron.handler/unwatch-dir {:path "/home/matteo/pensieri"}
[2023-03-12 16:38:09.626] [debug] :electron.handler/watch-dir {:path "/home/matteo/pensieri"}
[2023-03-12 16:38:10.117] [info] :electron.handler/backup backup db file /home/matteo/pensieri/journals/2023_03_10.md
[2023-03-12 16:38:15.475] [debug] :electron.handler/watch-dir {:path "/home/matteo/appunti/fondamenti_intelligenza_artificiale"}
[2023-03-12 16:38:27.892] [debug] :electron.handler/watch-dir {:path "/home/matteo/appunti/ingegneria_sistemi_software"}
[2023-03-12 17:40:35.227] [info] Logseq App(0.8.18) Starting... 
[2023-03-12 17:40:35.231] [info] restore proxy settings {:type "system"}
[2023-03-12 17:40:35.231] [info] set proxy to {:type "system"}
[2023-03-12 17:40:37.806] [debug] :electron.handler/watch-dir {:path "/home/matteo/.logseq/config"}
[2023-03-12 17:40:37.836] [debug] :electron.handler/unwatch-dir {:path "/home/matteo/appunti/ingegneria_sistemi_software"}
[2023-03-12 17:40:37.836] [debug] :electron.handler/watch-dir {:path "/home/matteo/appunti/ingegneria_sistemi_software"}
[2023-03-12 17:40:38.258] [info] :electron.handler/backup backup db file /home/matteo/appunti/ingegneria_sistemi_software/journals/2023_03_09.md
[2023-03-12 17:57:47.477] [info] open-url {:url "--desktop-startup-id=i3/~|applications|logseq|logseq/820-3-ice-braker_TIME1059447"}
[2023-03-12 17:57:47.478] [info] upon opening non-url {:error #object[TypeError TypeError [ERR_INVALID_URL]: Invalid URL]}
[2023-03-12 18:12:45.845] [info] open-url {:url "--allow-file-access-from-files"}
[2023-03-12 18:12:45.846] [info] upon opening non-url {:error #object[TypeError TypeError [ERR_INVALID_URL]: Invalid URL]}
[2023-03-12 19:52:09.322] [info] Logseq App(0.8.18) Starting... 
[2023-03-12 19:52:09.326] [info] restore proxy settings {:type "system"}
[2023-03-12 19:52:09.326] [info] set proxy to {:type "system"}
[2023-03-12 19:52:11.879] [debug] :electron.handler/watch-dir {:path "/home/matteo/.logseq/config"}
[2023-03-12 19:52:11.929] [debug] :electron.handler/unwatch-dir {:path "/home/matteo/appunti/ingegneria_sistemi_software"}
[2023-03-12 19:52:11.930] [debug] :electron.handler/watch-dir {:path "/home/matteo/appunti/ingegneria_sistemi_software"}
[2023-03-12 19:52:12.320] [info] :electron.handler/backup backup db file /home/matteo/appunti/ingegneria_sistemi_software/journals/2023_03_09.md
[2023-03-12 19:52:17.016] [debug] :electron.handler/watch-dir {:path "/home/matteo/pensieri"}
[2023-03-12 20:05:13.894] [info] Logseq App(0.8.18) Starting... 
[2023-03-12 20:05:13.900] [info] restore proxy settings {:type "system"}
[2023-03-12 20:05:13.900] [info] set proxy to {:type "system"}
[2023-03-12 20:05:16.730] [debug] :electron.handler/watch-dir {:path "/home/matteo/.logseq/config"}
[2023-03-12 20:05:16.800] [debug] :electron.handler/unwatch-dir {:path "/home/matteo/pensieri"}
[2023-03-12 20:05:16.801] [debug] :electron.handler/watch-dir {:path "/home/matteo/pensieri"}
[2023-03-12 20:05:17.356] [info] :electron.handler/backup backup db file /home/matteo/pensieri/journals/2023_03_10.md
[2023-03-12 20:05:17.367] [info] :electron.handler/backup backup db file /home/matteo/pensieri/journals/2023_03_12.md
[2023-03-12 21:39:36.892] [info] Logseq App(0.8.18) Starting... 
[2023-03-12 21:39:36.897] [info] restore proxy settings {:type "system"}
[2023-03-12 21:39:36.898] [info] set proxy to {:type "system"}
[2023-03-12 21:39:39.423] [debug] :electron.handler/watch-dir {:path "/home/matteo/.logseq/config"}
[2023-03-12 21:39:39.482] [debug] :electron.handler/unwatch-dir {:path "/home/matteo/pensieri"}
[2023-03-12 21:39:39.483] [debug] :electron.handler/watch-dir {:path "/home/matteo/pensieri"}
[2023-03-12 21:39:39.710] [info] :electron.handler/backup backup db file /home/matteo/pensieri/journals/2023_03_10.md
[2023-03-12 21:39:39.714] [info] :electron.handler/backup backup db file /home/matteo/pensieri/journals/2023_03_12.md
[2023-03-12 23:13:54.319] [info] open-url {:url "--allow-file-access-from-files"}
[2023-03-12 23:13:54.320] [info] upon opening non-url {:error #object[TypeError TypeError [ERR_INVALID_URL]: Invalid URL]}
[2023-03-13 00:07:02.935] [debug] window-all-closed Quitting...
[2023-03-13 11:27:13.806] [info] Logseq App(0.8.18) Starting... 
[2023-03-13 11:27:13.811] [info] restore proxy settings {:type "system"}
[2023-03-13 11:27:13.812] [info] set proxy to {:type "system"}
[2023-03-13 11:27:41.803] [debug] :electron.handler/watch-dir {:path "/home/matteo/.logseq/config"}
[2023-03-13 11:27:41.848] [debug] :electron.handler/unwatch-dir {:path "/home/matteo/pensieri"}
[2023-03-13 11:27:41.849] [debug] :electron.handler/watch-dir {:path "/home/matteo/pensieri"}
[2023-03-13 15:55:39.877] [debug] window-all-closed Quitting...
[2023-03-13 17:15:10.586] [info] Logseq App(0.8.18) Starting... 
[2023-03-13 17:15:10.590] [info] restore proxy settings {:type "system"}
[2023-03-13 17:15:10.591] [info] set proxy to {:type "system"}
[2023-03-13 17:15:13.353] [debug] :electron.handler/watch-dir {:path "/home/matteo/.logseq/config"}
[2023-03-13 17:15:13.416] [debug] :electron.handler/unwatch-dir {:path "/home/matteo/pensieri"}
[2023-03-13 17:15:13.417] [debug] :electron.handler/watch-dir {:path "/home/matteo/pensieri"}
[2023-03-13 17:15:29.821] [debug] :electron.handler/watch-dir {:path "/home/matteo/appunti/ingegneria_sistemi_software"}
[2023-03-13 18:01:45.721] [debug] window-all-closed Quitting...
[2023-03-13 19:04:36.739] [info] Logseq App(0.8.18) Starting... 
[2023-03-13 19:04:36.742] [info] restore proxy settings {:type "system"}
[2023-03-13 19:04:36.743] [info] set proxy to {:type "system"}
[2023-03-13 19:04:39.435] [debug] :electron.handler/watch-dir {:path "/home/matteo/.logseq/config"}
[2023-03-13 19:04:39.488] [debug] :electron.handler/unwatch-dir {:path "/home/matteo/appunti/ingegneria_sistemi_software"}
[2023-03-13 19:04:39.489] [debug] :electron.handler/watch-dir {:path "/home/matteo/appunti/ingegneria_sistemi_software"}
[2023-03-14 09:03:38.903] [info] Logseq App(0.8.18) Starting... 
[2023-03-14 09:03:38.909] [info] restore proxy settings {:type "system"}
[2023-03-14 09:03:38.910] [info] set proxy to {:type "system"}
[2023-03-14 09:03:41.681] [debug] :electron.handler/watch-dir {:path "/home/matteo/.logseq/config"}
[2023-03-14 09:03:41.710] [debug] :electron.handler/unwatch-dir {:path "/home/matteo/appunti/ingegneria_sistemi_software"}
[2023-03-14 09:03:41.711] [debug] :electron.handler/watch-dir {:path "/home/matteo/appunti/ingegneria_sistemi_software"}
[2023-03-14 13:00:24.812] [info] Logseq App(0.8.18) Starting... 
[2023-03-14 13:00:24.817] [info] restore proxy settings {:type "system"}
[2023-03-14 13:00:24.818] [info] set proxy to {:type "system"}
[2023-03-14 13:00:27.817] [debug] :electron.handler/watch-dir {:path "/home/matteo/.logseq/config"}
[2023-03-14 13:00:27.886] [debug] :electron.handler/unwatch-dir {:path "/home/matteo/appunti/ingegneria_sistemi_software"}
[2023-03-14 13:00:27.887] [debug] :electron.handler/watch-dir {:path "/home/matteo/appunti/ingegneria_sistemi_software"}
[2023-03-14 13:01:14.859] [debug] :electron.handler/watch-dir {:path "/home/matteo/pensieri"}
[2023-03-14 13:01:57.266] [debug] window-all-closed Quitting...
[2023-03-14 13:02:02.524] [info] Logseq App(0.8.18) Starting... 
[2023-03-14 13:02:02.529] [info] restore proxy settings {:type "system"}
[2023-03-14 13:02:02.529] [info] set proxy to {:type "system"}
[2023-03-14 13:02:05.325] [debug] :electron.handler/watch-dir {:path "/home/matteo/.logseq/config"}
[2023-03-14 13:02:05.393] [debug] :electron.handler/unwatch-dir {:path "/home/matteo/pensieri"}
[2023-03-14 13:02:05.394] [debug] :electron.handler/watch-dir {:path "/home/matteo/pensieri"}
[2023-03-14 14:30:20.412] [info] Logseq App(0.8.18) Starting... 
[2023-03-14 14:30:20.417] [info] restore proxy settings {:type "system"}
[2023-03-14 14:30:20.417] [info] set proxy to {:type "system"}
[2023-03-14 14:30:23.143] [debug] :electron.handler/watch-dir {:path "/home/matteo/.logseq/config"}
[2023-03-14 14:30:23.201] [debug] :electron.handler/unwatch-dir {:path "/home/matteo/pensieri"}
[2023-03-14 14:30:23.202] [debug] :electron.handler/watch-dir {:path "/home/matteo/pensieri"}
[2023-03-14 15:50:10.095] [info] open-url {:url "--allow-file-access-from-files"}
[2023-03-14 15:50:10.095] [info] upon opening non-url {:error #object[TypeError TypeError [ERR_INVALID_URL]: Invalid URL]}
[2023-03-14 18:14:01.231] [info] Logseq App(0.8.18) Starting... 
[2023-03-14 18:14:01.236] [info] restore proxy settings {:type "system"}
[2023-03-14 18:14:01.236] [info] set proxy to {:type "system"}
[2023-03-14 18:14:04.572] [debug] :electron.handler/watch-dir {:path "/home/matteo/.logseq/config"}
[2023-03-14 18:14:04.644] [debug] :electron.handler/unwatch-dir {:path "/home/matteo/pensieri"}
[2023-03-14 18:14:04.645] [debug] :electron.handler/watch-dir {:path "/home/matteo/pensieri"}
[2023-03-14 18:14:04.973] [info] :electron.handler/backup backup db file /home/matteo/pensieri/journals/2023_03_14.md
[2023-03-14 18:14:08.227] [debug] window-all-closed Quitting...
[2023-03-14 19:29:06.765] [info] Logseq App(0.8.18) Starting... 
[2023-03-14 19:29:06.768] [info] restore proxy settings {:type "system"}
[2023-03-14 19:29:06.769] [info] set proxy to {:type "system"}
[2023-03-14 19:29:09.532] [debug] :electron.handler/watch-dir {:path "/home/matteo/.logseq/config"}
[2023-03-14 19:29:09.591] [debug] :electron.handler/unwatch-dir {:path "/home/matteo/pensieri"}
[2023-03-14 19:29:09.592] [debug] :electron.handler/watch-dir {:path "/home/matteo/pensieri"}
[2023-03-14 20:17:12.583] [debug] window-all-closed Quitting...
[2023-03-14 20:18:47.819] [info] Logseq App(0.8.18) Starting... 
[2023-03-14 20:18:47.822] [info] restore proxy settings {:type "system"}
[2023-03-14 20:18:47.822] [info] set proxy to {:type "system"}
[2023-03-14 20:18:50.630] [debug] :electron.handler/watch-dir {:path "/home/matteo/.logseq/config"}
[2023-03-14 20:18:50.688] [debug] :electron.handler/unwatch-dir {:path "/home/matteo/pensieri"}
[2023-03-14 20:18:50.689] [debug] :electron.handler/watch-dir {:path "/home/matteo/pensieri"}
[2023-03-14 20:37:52.935] [info] open-url {:url "--allow-file-access-from-files"}
[2023-03-14 20:37:52.936] [info] upon opening non-url {:error #object[TypeError TypeError [ERR_INVALID_URL]: Invalid URL]}
[2023-03-15 11:16:46.647] [info] Logseq App(0.8.18) Starting... 
[2023-03-15 11:16:46.652] [info] restore proxy settings {:type "system"}
[2023-03-15 11:16:46.653] [info] set proxy to {:type "system"}
[2023-03-15 11:16:49.545] [debug] :electron.handler/watch-dir {:path "/home/matteo/.logseq/config"}
[2023-03-15 11:16:49.613] [debug] :electron.handler/unwatch-dir {:path "/home/matteo/pensieri"}
[2023-03-15 11:16:49.615] [debug] :electron.handler/watch-dir {:path "/home/matteo/pensieri"}
[2023-03-15 11:38:55.080] [debug] :electron.handler/watch-dir {:path "/home/matteo/appunti/tecnologie_basi_dati"}
[2023-03-15 11:52:30.454] [info] :electron.handler/rename from /home/matteo/appunti/tecnologie_basi_dati/pages/GiST ___tu.md to /home/matteo/appunti/tecnologie_basi_dati/pages/GiST.md
[2023-03-15 11:52:30.557] [debug] :electron.fs-watcher/on-unlink {:path "/home/matteo/appunti/tecnologie_basi_dati/pages/GiST ___tu.md"}
[2023-03-15 11:57:57.321] [debug] :electron.handler/watch-dir {:path "/home/matteo/appunti/fondamenti_intelligenza_artificiale"}
[2023-03-15 11:58:19.360] [debug] :electron.handler/watch-dir {:path "/home/matteo/appunti/tecnologie_basi_dati"}
[2023-03-15 12:12:05.377] [error] Search blocks failed:  SqliteError: fts5: syntax error near ")"
[2023-03-15 12:12:05.399] [error] Search blocks failed:  SqliteError: fts5: syntax error near ")"
[2023-03-15 23:12:01.691] [info] Logseq App(0.8.18) Starting... 
[2023-03-15 23:12:01.695] [info] restore proxy settings {:type "system"}
[2023-03-15 23:12:01.696] [info] set proxy to {:type "system"}
[2023-03-15 23:12:04.272] [debug] :electron.handler/watch-dir {:path "/home/matteo/.logseq/config"}
[2023-03-15 23:12:04.324] [debug] :electron.handler/unwatch-dir {:path "/home/matteo/appunti/tecnologie_basi_dati"}
[2023-03-15 23:12:04.325] [debug] :electron.handler/watch-dir {:path "/home/matteo/appunti/tecnologie_basi_dati"}
[2023-03-15 23:14:31.387] [debug] window-all-closed Quitting...
[2023-03-16 09:23:36.081] [info] Logseq App(0.8.18) Starting... 
[2023-03-16 09:23:36.086] [info] restore proxy settings {:type "system"}
[2023-03-16 09:23:36.087] [info] set proxy to {:type "system"}
[2023-03-16 09:23:39.002] [debug] :electron.handler/watch-dir {:path "/home/matteo/.logseq/config"}
[2023-03-16 09:23:39.066] [debug] :electron.handler/unwatch-dir {:path "/home/matteo/appunti/tecnologie_basi_dati"}
[2023-03-16 09:23:39.067] [debug] :electron.handler/watch-dir {:path "/home/matteo/appunti/tecnologie_basi_dati"}
[2023-03-16 09:23:45.171] [debug] :electron.handler/watch-dir {:path "/home/matteo/appunti/fondamenti_intelligenza_artificiale"}
[2023-03-16 10:01:57.199] [info] :electron.handler/backup backup db file /home/matteo/appunti/fondamenti_intelligenza_artificiale/logseq/custom.css
[2023-03-16 10:03:30.923] [info] :electron.handler/backup backup db file /home/matteo/appunti/fondamenti_intelligenza_artificiale/logseq/custom.css
[2023-03-16 10:04:23.926] [info] :electron.handler/backup backup db file /home/matteo/appunti/fondamenti_intelligenza_artificiale/logseq/custom.css
[2023-03-16 10:05:22.758] [info] :electron.handler/backup backup db file /home/matteo/appunti/fondamenti_intelligenza_artificiale/logseq/custom.css
[2023-03-16 11:12:18.980] [info] open-url {:url "--allow-file-access-from-files"}
[2023-03-16 11:12:18.981] [info] upon opening non-url {:error #object[TypeError TypeError [ERR_INVALID_URL]: Invalid URL]}
[2023-03-16 11:14:42.767] [info] :electron.handler/backup backup db file /home/matteo/appunti/fondamenti_intelligenza_artificiale/logseq/custom.css
[2023-03-16 12:20:40.117] [info] Logseq App(0.8.18) Starting... 
[2023-03-16 12:20:40.121] [info] restore proxy settings {:type "system"}
[2023-03-16 12:20:40.121] [info] set proxy to {:type "system"}
[2023-03-16 12:20:42.708] [debug] :electron.handler/watch-dir {:path "/home/matteo/.logseq/config"}
[2023-03-16 12:20:42.759] [debug] :electron.handler/unwatch-dir {:path "/home/matteo/appunti/fondamenti_intelligenza_artificiale"}
[2023-03-16 12:20:42.760] [debug] :electron.handler/watch-dir {:path "/home/matteo/appunti/fondamenti_intelligenza_artificiale"}
[2023-03-16 12:20:43.626] [info] :electron.handler/backup backup db file /home/matteo/appunti/fondamenti_intelligenza_artificiale/logseq/custom.css
[2023-03-16 12:20:50.078] [debug] window-all-closed Quitting...
[2023-03-16 12:20:56.638] [info] Logseq App(0.8.18) Starting... 
[2023-03-16 12:20:56.642] [info] restore proxy settings {:type "system"}
[2023-03-16 12:20:56.642] [info] set proxy to {:type "system"}
[2023-03-16 12:20:59.181] [debug] :electron.handler/watch-dir {:path "/home/matteo/.logseq/config"}
[2023-03-16 12:20:59.217] [debug] :electron.handler/unwatch-dir {:path "/home/matteo/appunti/fondamenti_intelligenza_artificiale"}
[2023-03-16 12:20:59.218] [debug] :electron.handler/watch-dir {:path "/home/matteo/appunti/fondamenti_intelligenza_artificiale"}
[2023-03-16 12:21:09.072] [debug] window-all-closed Quitting...
[2023-03-16 12:21:49.813] [info] Logseq App(0.8.18) Starting... 
[2023-03-16 12:21:49.821] [info] restore proxy settings {:type "system"}
[2023-03-16 12:21:49.822] [info] set proxy to {:type "system"}
[2023-03-16 12:21:52.294] [debug] :electron.handler/watch-dir {:path "/home/matteo/.logseq/config"}
[2023-03-16 12:21:52.347] [debug] :electron.handler/unwatch-dir {:path "/home/matteo/appunti/fondamenti_intelligenza_artificiale"}
[2023-03-16 12:21:52.347] [debug] :electron.handler/watch-dir {:path "/home/matteo/appunti/fondamenti_intelligenza_artificiale"}
[2023-03-16 12:28:45.138] [info] Logseq App(0.8.18) Starting... 
[2023-03-16 12:28:45.143] [info] restore proxy settings {:type "system"}
[2023-03-16 12:28:45.144] [info] set proxy to {:type "system"}
[2023-03-16 12:28:47.835] [debug] :electron.handler/watch-dir {:path "/home/matteo/.logseq/config"}
[2023-03-16 12:28:47.888] [debug] :electron.handler/unwatch-dir {:path "/home/matteo/appunti/fondamenti_intelligenza_artificiale"}
[2023-03-16 12:28:47.889] [debug] :electron.handler/watch-dir {:path "/home/matteo/appunti/fondamenti_intelligenza_artificiale"}
[2023-03-16 12:30:35.935] [debug] :electron.handler/watch-dir {:path "/home/matteo/appunti/tecnologie_basi_dati"}
[2023-03-16 12:30:45.973] [debug] :electron.handler/watch-dir {:path "/home/matteo/appunti/fondamenti_intelligenza_artificiale"}
[2023-03-16 12:31:07.295] [debug] :electron.handler/watch-dir {:path "/home/matteo/appunti/tecnologie_basi_dati"}
[2023-03-16 12:31:19.488] [info] :electron.handler/backup backup db file /home/matteo/appunti/tecnologie_basi_dati/logseq/custom.css
[2023-03-16 13:19:27.114] [debug] :electron.handler/watch-dir {:path "/home/matteo/pensieri"}
[2023-03-16 13:20:16.833] [debug] :electron.handler/watch-dir {:path "/home/matteo/appunti/tecnologie_basi_dati"}
[2023-03-16 15:09:16.821] [info] Logseq App(0.8.18) Starting... 
[2023-03-16 15:09:16.826] [info] restore proxy settings {:type "system"}
[2023-03-16 15:09:16.827] [info] set proxy to {:type "system"}
[2023-03-16 15:09:19.394] [debug] :electron.handler/watch-dir {:path "/home/matteo/.logseq/config"}
[2023-03-16 15:09:19.447] [debug] :electron.handler/unwatch-dir {:path "/home/matteo/appunti/tecnologie_basi_dati"}
[2023-03-16 15:09:19.447] [debug] :electron.handler/watch-dir {:path "/home/matteo/appunti/tecnologie_basi_dati"}
[2023-03-16 15:09:34.387] [debug] :electron.handler/watch-dir {:path "/home/matteo/appunti/ingegneria_sistemi_software"}
[2023-03-16 18:59:13.122] [info] Logseq App(0.8.18) Starting... 
[2023-03-16 18:59:13.125] [info] restore proxy settings {:type "system"}
[2023-03-16 18:59:13.126] [info] set proxy to {:type "system"}
[2023-03-16 18:59:15.969] [debug] :electron.handler/watch-dir {:path "/home/matteo/.logseq/config"}
[2023-03-16 18:59:16.030] [debug] :electron.handler/unwatch-dir {:path "/home/matteo/appunti/ingegneria_sistemi_software"}
[2023-03-16 18:59:16.031] [debug] :electron.handler/watch-dir {:path "/home/matteo/appunti/ingegneria_sistemi_software"}
[2023-03-16 19:00:51.775] [debug] window-all-closed Quitting...
[2023-03-16 20:26:23.866] [info] Logseq App(0.8.18) Starting... 
[2023-03-16 20:26:23.870] [info] restore proxy settings {:type "system"}
[2023-03-16 20:26:23.871] [info] set proxy to {:type "system"}
[2023-03-16 20:26:26.541] [debug] :electron.handler/watch-dir {:path "/home/matteo/.logseq/config"}
[2023-03-16 20:26:26.574] [debug] :electron.handler/unwatch-dir {:path "/home/matteo/appunti/ingegneria_sistemi_software"}
[2023-03-16 20:26:26.575] [debug] :electron.handler/watch-dir {:path "/home/matteo/appunti/ingegneria_sistemi_software"}
[2023-03-16 20:26:42.578] [debug] :electron.handler/watch-dir {:path "/home/matteo/appunti/fondamenti_intelligenza_artificiale"}
[2023-03-16 20:28:20.344] [info] :electron.handler/unlink {:path "/home/matteo/appunti/fondamenti_intelligenza_artificiale/pages/RICERCA DELLE SOLUZIONI.md"}
[2023-03-16 20:28:20.345] [debug] :electron.handler/unlink recycle to /home/matteo/appunti/fondamenti_intelligenza_artificiale/logseq/.recycle/pages_RICERCA DELLE SOLUZIONI.md
[2023-03-16 20:28:20.456] [debug] :electron.fs-watcher/on-unlink {:path "/home/matteo/appunti/fondamenti_intelligenza_artificiale/pages/RICERCA DELLE SOLUZIONI.md"}
[2023-03-16 20:34:05.767] [info] :electron.handler/rename from /home/matteo/appunti/fondamenti_intelligenza_artificiale/pages/STRATEGIE NON INFORMATE ___tur.md to /home/matteo/appunti/fondamenti_intelligenza_artificiale/pages/STRATEGIE NON INFORMATE.md
[2023-03-16 20:34:05.868] [debug] :electron.fs-watcher/on-unlink {:path "/home/matteo/appunti/fondamenti_intelligenza_artificiale/pages/STRATEGIE NON INFORMATE ___tur.md"}
[2023-03-16 20:43:34.163] [debug] :electron.handler/watch-dir {:path "/home/matteo/appunti/ingegneria_sistemi_software"}
[2023-03-16 20:43:38.655] [debug] :electron.handler/watch-dir {:path "/home/matteo/appunti/tecnologie_basi_dati"}
[2023-03-16 20:59:32.793] [debug] window-all-closed Quitting...
[2023-03-16 21:11:38.946] [info] Logseq App(0.8.18) Starting... 
[2023-03-16 21:11:38.950] [info] restore proxy settings {:type "system"}
[2023-03-16 21:11:38.950] [info] set proxy to {:type "system"}
[2023-03-16 21:11:41.845] [debug] :electron.handler/watch-dir {:path "/home/matteo/.logseq/config"}
[2023-03-16 21:11:41.904] [debug] :electron.handler/unwatch-dir {:path "/home/matteo/appunti/tecnologie_basi_dati"}
[2023-03-16 21:11:41.907] [debug] :electron.handler/watch-dir {:path "/home/matteo/appunti/tecnologie_basi_dati"}
[2023-03-16 21:14:31.675] [debug] :electron.handler/watch-dir {:path "/home/matteo/pensieri"}
[2023-03-16 21:15:39.241] [debug] window-all-closed Quitting...
[2023-03-17 12:19:40.688] [info] Logseq App(0.8.18) Starting... 
[2023-03-17 12:19:40.695] [info] restore proxy settings {:type "system"}
[2023-03-17 12:19:40.696] [info] set proxy to {:type "system"}
[2023-03-17 12:19:43.808] [debug] :electron.handler/watch-dir {:path "/home/matteo/.logseq/config"}
[2023-03-17 12:19:43.876] [debug] :electron.handler/unwatch-dir {:path "/home/matteo/pensieri"}
[2023-03-17 12:19:43.878] [debug] :electron.handler/watch-dir {:path "/home/matteo/pensieri"}
[2023-03-17 12:37:26.530] [debug] :electron.handler/watch-dir {:path "/home/matteo/appunti/fondamenti_intelligenza_artificiale"}
[2023-03-17 15:42:34.806] [debug] window-all-closed Quitting...
[2023-03-17 17:17:14.307] [info] Logseq App(0.8.18) Starting... 
[2023-03-17 17:17:14.310] [info] restore proxy settings {:type "system"}
[2023-03-17 17:17:14.311] [info] set proxy to {:type "system"}
[2023-03-17 17:17:16.843] [debug] :electron.handler/watch-dir {:path "/home/matteo/.logseq/config"}
[2023-03-17 17:17:16.899] [debug] :electron.handler/unwatch-dir {:path "/home/matteo/appunti/fondamenti_intelligenza_artificiale"}
[2023-03-17 17:17:16.900] [debug] :electron.handler/watch-dir {:path "/home/matteo/appunti/fondamenti_intelligenza_artificiale"}
[2023-03-17 17:49:43.708] [debug] window-all-closed Quitting...
[2023-03-18 15:55:09.391] [info] Logseq App(0.8.18) Starting... 
[2023-03-18 15:55:09.395] [info] restore proxy settings {:type "system"}
[2023-03-18 15:55:09.395] [info] set proxy to {:type "system"}
[2023-03-18 15:55:11.957] [debug] :electron.handler/watch-dir {:path "/home/matteo/.logseq/config"}
[2023-03-18 15:55:12.012] [debug] :electron.handler/unwatch-dir {:path "/home/matteo/appunti/fondamenti_intelligenza_artificiale"}
[2023-03-18 15:55:12.013] [debug] :electron.handler/watch-dir {:path "/home/matteo/appunti/fondamenti_intelligenza_artificiale"}
[2023-03-18 15:55:17.856] [debug] window-all-closed Quitting...
[2023-03-18 22:46:24.277] [info] Logseq App(0.8.18) Starting... 
[2023-03-18 22:46:24.280] [info] restore proxy settings {:type "system"}
[2023-03-18 22:46:24.281] [info] set proxy to {:type "system"}
[2023-03-18 22:46:26.779] [debug] :electron.handler/watch-dir {:path "/home/matteo/.logseq/config"}
[2023-03-18 22:46:26.830] [debug] :electron.handler/unwatch-dir {:path "/home/matteo/appunti/fondamenti_intelligenza_artificiale"}
[2023-03-18 22:46:26.831] [debug] :electron.handler/watch-dir {:path "/home/matteo/appunti/fondamenti_intelligenza_artificiale"}
[2023-03-18 22:46:41.362] [debug] :electron.handler/watch-dir {:path "/home/matteo/pensieri"}
[2023-03-19 11:30:11.690] [info] Logseq App(0.8.18) Starting... 
[2023-03-19 11:30:11.696] [info] restore proxy settings {:type "system"}
[2023-03-19 11:30:11.697] [info] set proxy to {:type "system"}
[2023-03-19 11:30:15.777] [debug] :electron.handler/watch-dir {:path "/home/matteo/.logseq/config"}
[2023-03-19 11:30:15.862] [debug] :electron.handler/unwatch-dir {:path "/home/matteo/pensieri"}
[2023-03-19 11:30:15.863] [debug] :electron.handler/watch-dir {:path "/home/matteo/pensieri"}
[2023-03-19 11:30:16.377] [info] :electron.handler/backup backup db file /home/matteo/pensieri/pages/creare file per installazione automatizzata arch.md
[2023-03-19 11:34:48.321] [debug] window-all-closed Quitting...
[2023-03-19 11:37:35.203] [info] Logseq App(0.8.18) Starting... 
[2023-03-19 11:37:35.215] [info] restore proxy settings {:type "system"}
[2023-03-19 11:37:35.217] [info] set proxy to {:type "system"}
[2023-03-19 11:37:38.858] [debug] :electron.handler/watch-dir {:path "/home/matteo/.logseq/config"}
[2023-03-19 11:37:38.939] [debug] :electron.handler/unwatch-dir {:path "/home/matteo/pensieri"}
[2023-03-19 11:37:38.940] [debug] :electron.handler/watch-dir {:path "/home/matteo/pensieri"}
[2023-03-19 11:37:42.016] [debug] window-all-closed Quitting...
[2023-03-19 15:35:46.603] [info] Logseq App(0.8.18) Starting... 
[2023-03-19 15:35:46.611] [info] restore proxy settings {:type "system"}
[2023-03-19 15:35:46.612] [info] set proxy to {:type "system"}
[2023-03-19 15:35:49.998] [debug] :electron.handler/watch-dir {:path "/home/matteo/.logseq/config"}
[2023-03-19 15:35:50.074] [debug] :electron.handler/unwatch-dir {:path "/home/matteo/pensieri"}
[2023-03-19 15:35:50.075] [debug] :electron.handler/watch-dir {:path "/home/matteo/pensieri"}
[2023-03-19 15:40:01.662] [debug] window-all-closed Quitting...
[2023-03-20 12:08:47.498] [info] Logseq App(0.8.18) Starting... 
[2023-03-20 12:08:47.507] [info] restore proxy settings {:type "system"}
[2023-03-20 12:08:47.508] [info] set proxy to {:type "system"}
[2023-03-20 12:08:50.952] [debug] window-all-closed Quitting...
[2023-03-20 15:02:34.909] [info] Logseq App(0.8.18) Starting... 
[2023-03-20 15:02:34.915] [info] restore proxy settings {:type "system"}
[2023-03-20 15:02:34.916] [info] set proxy to {:type "system"}
[2023-03-20 15:02:38.394] [debug] :electron.handler/watch-dir {:path "/home/matteo/.logseq/config"}
[2023-03-20 15:02:38.461] [debug] :electron.handler/unwatch-dir {:path "/home/matteo/pensieri"}
[2023-03-20 15:02:38.462] [debug] :electron.handler/watch-dir {:path "/home/matteo/pensieri"}
[2023-03-20 15:03:04.994] [debug] :electron.handler/watch-dir {:path "/home/matteo/appunti/fondamenti_intelligenza_artificiale"}
[2023-03-20 15:09:05.716] [debug] window-all-closed Quitting...
[2023-03-20 15:23:10.055] [info] Logseq App(0.8.18) Starting... 
[2023-03-20 15:23:10.059] [info] restore proxy settings {:type "system"}
[2023-03-20 15:23:10.060] [info] set proxy to {:type "system"}
[2023-03-20 15:23:12.979] [debug] :electron.handler/watch-dir {:path "/home/matteo/.logseq/config"}
[2023-03-20 15:23:13.053] [debug] :electron.handler/unwatch-dir {:path "/home/matteo/appunti/fondamenti_intelligenza_artificiale"}
[2023-03-20 15:23:13.055] [debug] :electron.handler/watch-dir {:path "/home/matteo/appunti/fondamenti_intelligenza_artificiale"}
[2023-03-21 00:06:25.612] [debug] window-all-closed Quitting...
[2023-03-21 10:02:19.359] [info] Logseq App(0.8.18) Starting... 
[2023-03-21 10:02:19.363] [info] restore proxy settings {:type "system"}
[2023-03-21 10:02:19.364] [info] set proxy to {:type "system"}
[2023-03-21 10:02:22.012] [debug] :electron.handler/watch-dir {:path "/home/matteo/.logseq/config"}
[2023-03-21 10:02:22.066] [debug] :electron.handler/unwatch-dir {:path "/home/matteo/appunti/fondamenti_intelligenza_artificiale"}
[2023-03-21 10:02:22.067] [debug] :electron.handler/watch-dir {:path "/home/matteo/appunti/fondamenti_intelligenza_artificiale"}
[2023-03-21 10:02:50.877] [debug] :electron.handler/watch-dir {:path "/home/matteo/appunti/ingegneria_sistemi_software"}
[2023-03-21 11:11:24.934] [debug] [Marketplace] Installing: sawhney17/logseq-calendars-plugin
[2023-03-21 11:11:25.291] [debug] [Marketplace] [Release URL]  https://api.github.com/repos/sawhney17/logseq-calendars-plugin/releases/latest [Response Status/Text] 200 -
[2023-03-21 11:11:25.302] [debug] [Marketplace] [Release Asset] # 2.2.2  => https://api.github.com/repos/sawhney17/logseq-calendars-plugin/releases/assets/72032395
[2023-03-21 11:11:25.965] [debug] [Marketplace] [UpdatedDONE] 2.2.2
[2023-03-21 13:51:40.582] [info] Logseq App(0.8.18) Starting... 
[2023-03-21 13:51:40.586] [info] restore proxy settings {:type "system"}
[2023-03-21 13:51:40.587] [info] set proxy to {:type "system"}
[2023-03-21 13:51:43.226] [debug] :electron.handler/watch-dir {:path "/home/matteo/.logseq/config"}
[2023-03-21 13:51:43.266] [debug] :electron.handler/unwatch-dir {:path "/home/matteo/appunti/ingegneria_sistemi_software"}
[2023-03-21 13:51:43.267] [debug] :electron.handler/watch-dir {:path "/home/matteo/appunti/ingegneria_sistemi_software"}
[2023-03-21 14:39:42.336] [debug] :electron.handler/watch-dir {:path "/home/matteo/appunti/fondamenti_intelligenza_artificiale"}
[2023-03-21 14:40:23.427] [debug] :electron.handler/watch-dir {:path "/home/matteo/appunti/ingegneria_sistemi_software"}
[2023-03-21 15:09:58.203] [info] Logseq App(0.8.18) Starting... 
[2023-03-21 15:09:58.206] [info] restore proxy settings {:type "system"}
[2023-03-21 15:09:58.207] [info] set proxy to {:type "system"}
[2023-03-21 15:10:00.824] [debug] :electron.handler/watch-dir {:path "/home/matteo/.logseq/config"}
[2023-03-21 15:10:00.856] [debug] :electron.handler/unwatch-dir {:path "/home/matteo/appunti/ingegneria_sistemi_software"}
[2023-03-21 15:10:00.857] [debug] :electron.handler/watch-dir {:path "/home/matteo/appunti/ingegneria_sistemi_software"}
[2023-03-21 15:10:01.164] [info] :electron.handler/backup backup db file /home/matteo/appunti/ingegneria_sistemi_software/pages/SPRINT 3.md
[2023-03-21 18:47:20.182] [debug] window-all-closed Quitting...
[2023-03-22 09:47:16.755] [info] Logseq App(0.8.18) Starting... 
[2023-03-22 09:47:16.762] [info] restore proxy settings {:type "system"}
[2023-03-22 09:47:16.763] [info] set proxy to {:type "system"}
[2023-03-22 09:47:20.078] [debug] :electron.handler/watch-dir {:path "/home/matteo/.logseq/config"}
[2023-03-22 09:47:20.122] [debug] :electron.handler/unwatch-dir {:path "/home/matteo/appunti/ingegneria_sistemi_software"}
[2023-03-22 09:47:20.123] [debug] :electron.handler/watch-dir {:path "/home/matteo/appunti/ingegneria_sistemi_software"}
[2023-03-22 10:17:23.593] [info] :electron.handler/backup backup db file /home/matteo/appunti/ingegneria_sistemi_software/logseq/custom.css
[2023-03-22 13:22:18.686] [debug] window-all-closed Quitting...
[2023-03-22 18:11:25.291] [info] Logseq App(0.8.18) Starting... 
[2023-03-22 18:11:25.294] [info] restore proxy settings {:type "system"}
[2023-03-22 18:11:25.295] [info] set proxy to {:type "system"}
[2023-03-22 18:11:27.984] [debug] :electron.handler/watch-dir {:path "/home/matteo/.logseq/config"}
[2023-03-22 18:11:28.019] [debug] :electron.handler/unwatch-dir {:path "/home/matteo/appunti/ingegneria_sistemi_software"}
[2023-03-22 18:11:28.020] [debug] :electron.handler/watch-dir {:path "/home/matteo/appunti/ingegneria_sistemi_software"}
[2023-03-22 18:27:24.430] [debug] window-all-closed Quitting...
[2023-03-22 18:30:47.352] [info] Logseq App(0.8.18) Starting... 
[2023-03-22 18:30:47.357] [info] restore proxy settings {:type "system"}
[2023-03-22 18:30:47.358] [info] set proxy to {:type "system"}
[2023-03-22 18:30:49.854] [debug] :electron.handler/watch-dir {:path "/home/matteo/.logseq/config"}
[2023-03-22 18:30:49.890] [debug] :electron.handler/unwatch-dir {:path "/home/matteo/appunti/ingegneria_sistemi_software"}
[2023-03-22 18:30:49.890] [debug] :electron.handler/watch-dir {:path "/home/matteo/appunti/ingegneria_sistemi_software"}
[2023-03-22 18:31:43.388] [debug] window-all-closed Quitting...
[2023-03-23 00:04:15.107] [info] Logseq App(0.8.18) Starting... 
[2023-03-23 00:04:15.115] [info] restore proxy settings {:type "system"}
[2023-03-23 00:04:15.116] [info] set proxy to {:type "system"}
[2023-03-23 00:04:19.514] [debug] :electron.handler/watch-dir {:path "/home/matteo/.logseq/config"}
[2023-03-23 00:04:19.568] [debug] :electron.handler/unwatch-dir {:path "/home/matteo/appunti/ingegneria_sistemi_software"}
[2023-03-23 00:04:19.569] [debug] :electron.handler/watch-dir {:path "/home/matteo/appunti/ingegneria_sistemi_software"}
[2023-03-23 00:04:27.339] [debug] :electron.handler/watch-dir {:path "/home/matteo/pensieri"}
[2023-03-23 00:12:32.476] [debug] window-all-closed Quitting...
[2023-03-23 10:26:55.794] [info] Logseq App(0.8.18) Starting... 
[2023-03-23 10:26:55.798] [info] restore proxy settings {:type "system"}
[2023-03-23 10:26:55.798] [info] set proxy to {:type "system"}
[2023-03-23 10:26:58.642] [debug] :electron.handler/watch-dir {:path "/home/matteo/.logseq/config"}
[2023-03-23 10:26:58.678] [debug] :electron.handler/unwatch-dir {:path "/home/matteo/pensieri"}
[2023-03-23 10:26:58.679] [debug] :electron.handler/watch-dir {:path "/home/matteo/pensieri"}
[2023-03-23 10:27:05.858] [debug] :electron.handler/watch-dir {:path "/home/matteo/appunti/ingegneria_sistemi_software"}
[2023-03-24 11:48:50.692] [info] Logseq App(0.8.18) Starting... 
[2023-03-24 11:48:50.701] [info] restore proxy settings {:type "system"}
[2023-03-24 11:48:50.703] [info] set proxy to {:type "system"}
[2023-03-24 11:48:55.605] [debug] :electron.handler/watch-dir {:path "/home/matteo/.logseq/config"}
[2023-03-24 11:48:55.670] [debug] :electron.handler/unwatch-dir {:path "/home/matteo/appunti/ingegneria_sistemi_software"}
[2023-03-24 11:48:55.671] [debug] :electron.handler/watch-dir {:path "/home/matteo/appunti/ingegneria_sistemi_software"}
[2023-03-24 11:50:14.430] [debug] window-all-closed Quitting...
[2023-03-24 11:50:23.306] [info] Logseq App(0.8.18) Starting... 
[2023-03-24 11:50:23.313] [info] restore proxy settings {:type "system"}
[2023-03-24 11:50:23.314] [info] set proxy to {:type "system"}
[2023-03-24 11:50:27.807] [debug] :electron.handler/watch-dir {:path "/home/matteo/.logseq/config"}
[2023-03-24 11:50:27.879] [debug] :electron.handler/unwatch-dir {:path "/home/matteo/appunti/ingegneria_sistemi_software"}
[2023-03-24 11:50:27.880] [debug] :electron.handler/watch-dir {:path "/home/matteo/appunti/ingegneria_sistemi_software"}
[2023-03-24 11:50:40.066] [debug] :electron.handler/watch-dir {:path "/home/matteo/pensieri"}
[2023-03-24 14:04:08.885] [info] new-window https://github.com/Bavuett/rofi-dev-launcher
[2023-03-24 14:04:11.721] [info] new-window https://github.com/Bavuett/rofi-dev-launcher
[2023-03-24 14:45:41.221] [debug] window-all-closed Quitting...
[2023-03-25 11:08:15.575] [info] Logseq App(0.8.18) Starting... 
[2023-03-25 11:08:15.579] [info] restore proxy settings {:type "system"}
[2023-03-25 11:08:15.580] [info] set proxy to {:type "system"}
[2023-03-25 11:08:18.220] [debug] :electron.handler/watch-dir {:path "/home/matteo/.logseq/config"}
[2023-03-25 11:08:18.253] [debug] :electron.handler/unwatch-dir {:path "/home/matteo/pensieri"}
[2023-03-25 11:08:18.254] [debug] :electron.handler/watch-dir {:path "/home/matteo/pensieri"}
[2023-03-25 11:08:48.053] [debug] :electron.handler/watch-dir {:path "/home/matteo/appunti/ingegneria_sistemi_software"}
[2023-03-25 17:13:36.383] [debug] window-all-closed Quitting...
[2023-03-25 17:13:41.649] [info] Logseq App(0.8.18) Starting... 
[2023-03-25 17:13:41.653] [info] restore proxy settings {:type "system"}
[2023-03-25 17:13:41.653] [info] set proxy to {:type "system"}
[2023-03-25 17:13:44.341] [debug] :electron.handler/watch-dir {:path "/home/matteo/.logseq/config"}
[2023-03-25 17:13:44.376] [debug] :electron.handler/unwatch-dir {:path "/home/matteo/appunti/ingegneria_sistemi_software"}
[2023-03-25 17:13:44.377] [debug] :electron.handler/watch-dir {:path "/home/matteo/appunti/ingegneria_sistemi_software"}
[2023-03-25 17:13:48.619] [debug] window-all-closed Quitting...
[2023-03-25 17:13:56.368] [info] Logseq App(0.8.18) Starting... 
[2023-03-25 17:13:56.372] [info] restore proxy settings {:type "system"}
[2023-03-25 17:13:56.372] [info] set proxy to {:type "system"}
[2023-03-25 17:13:58.905] [debug] :electron.handler/watch-dir {:path "/home/matteo/.logseq/config"}
[2023-03-25 17:13:58.937] [debug] :electron.handler/unwatch-dir {:path "/home/matteo/appunti/ingegneria_sistemi_software"}
[2023-03-25 17:13:58.937] [debug] :electron.handler/watch-dir {:path "/home/matteo/appunti/ingegneria_sistemi_software"}
[2023-03-25 17:14:07.076] [debug] window-all-closed Quitting...
[2023-03-26 15:41:27.946] [info] Logseq App(0.8.18) Starting... 
[2023-03-26 15:41:27.951] [info] restore proxy settings {:type "system"}
[2023-03-26 15:41:27.952] [info] set proxy to {:type "system"}
[2023-03-26 15:41:31.545] [debug] :electron.handler/watch-dir {:path "/home/matteo/.logseq/config"}
[2023-03-26 15:41:31.592] [debug] :electron.handler/unwatch-dir {:path "/home/matteo/appunti/ingegneria_sistemi_software"}
[2023-03-26 15:41:31.593] [debug] :electron.handler/watch-dir {:path "/home/matteo/appunti/ingegneria_sistemi_software"}
[2023-03-26 16:06:17.095] [debug] window-all-closed Quitting...
[2023-03-27 16:44:37.655] [info] Logseq App(0.8.18) Starting... 
[2023-03-27 16:44:37.661] [info] restore proxy settings {:type "system"}
[2023-03-27 16:44:37.662] [info] set proxy to {:type "system"}
[2023-03-27 16:44:41.003] [debug] :electron.handler/watch-dir {:path "/home/matteo/.logseq/config"}
[2023-03-27 16:44:41.050] [debug] :electron.handler/unwatch-dir {:path "/home/matteo/appunti/ingegneria_sistemi_software"}
[2023-03-27 16:44:41.051] [debug] :electron.handler/watch-dir {:path "/home/matteo/appunti/ingegneria_sistemi_software"}
[2023-03-27 16:46:07.810] [debug] :electron.handler/watch-dir {:path "/home/matteo/pensieri"}
[2023-03-27 16:59:42.999] [debug] window-all-closed Quitting...
[2023-03-27 17:18:13.964] [info] Logseq App(0.8.18) Starting... 
[2023-03-27 17:18:13.969] [info] restore proxy settings {:type "system"}
[2023-03-27 17:18:13.969] [info] set proxy to {:type "system"}
[2023-03-27 17:18:17.189] [debug] :electron.handler/watch-dir {:path "/home/matteo/.logseq/config"}
[2023-03-27 17:18:17.236] [debug] :electron.handler/unwatch-dir {:path "/home/matteo/pensieri"}
[2023-03-27 17:18:17.237] [debug] :electron.handler/watch-dir {:path "/home/matteo/pensieri"}
[2023-03-27 17:20:41.820] [debug] window-all-closed Quitting...
[2023-03-27 18:08:05.798] [info] Logseq App(0.8.18) Starting... 
[2023-03-27 18:08:05.806] [info] restore proxy settings {:type "system"}
[2023-03-27 18:08:05.808] [info] set proxy to {:type "system"}
[2023-03-27 18:08:09.817] [debug] :electron.handler/watch-dir {:path "/home/matteo/.logseq/config"}
[2023-03-27 18:08:09.862] [debug] :electron.handler/unwatch-dir {:path "/home/matteo/pensieri"}
[2023-03-27 18:08:09.863] [debug] :electron.handler/watch-dir {:path "/home/matteo/pensieri"}
[2023-03-27 18:08:16.451] [debug] :electron.handler/watch-dir {:path "/home/matteo/appunti/tecnologie_basi_dati"}
[2023-03-27 18:08:39.475] [debug] :electron.handler/watch-dir {:path "/home/matteo/appunti/fondamenti_intelligenza_artificiale"}
[2023-03-27 18:08:45.007] [debug] :electron.handler/watch-dir {:path "/home/matteo/appunti/ingegneria_sistemi_software"}
[2023-03-27 18:09:59.145] [debug] :electron.handler/watch-dir {:path "/home/matteo/appunti/tecnologie_basi_dati"}
[2023-03-27 18:10:34.201] [debug] window-all-closed Quitting...
[2023-03-27 18:38:40.393] [info] Logseq App(0.8.18) Starting... 
[2023-03-27 18:38:40.398] [info] restore proxy settings {:type "system"}
[2023-03-27 18:38:40.399] [info] set proxy to {:type "system"}
[2023-03-27 18:38:43.672] [debug] :electron.handler/watch-dir {:path "/home/matteo/.logseq/config"}
[2023-03-27 18:38:43.722] [debug] :electron.handler/unwatch-dir {:path "/home/matteo/appunti/tecnologie_basi_dati"}
[2023-03-27 18:38:43.722] [debug] :electron.handler/watch-dir {:path "/home/matteo/appunti/tecnologie_basi_dati"}
[2023-03-27 18:39:01.272] [debug] window-all-closed Quitting...
[2023-03-27 18:39:06.842] [info] Logseq App(0.8.18) Starting... 
[2023-03-27 18:39:06.847] [info] restore proxy settings {:type "system"}
[2023-03-27 18:39:06.848] [info] set proxy to {:type "system"}
[2023-03-27 18:39:10.551] [debug] :electron.handler/watch-dir {:path "/home/matteo/.logseq/config"}
[2023-03-27 18:39:10.598] [debug] :electron.handler/unwatch-dir {:path "/home/matteo/appunti/tecnologie_basi_dati"}
[2023-03-27 18:39:10.599] [debug] :electron.handler/watch-dir {:path "/home/matteo/appunti/tecnologie_basi_dati"}
[2023-03-27 18:39:16.668] [info] :electron.handler/open-dir open folder selection dialog
[2023-03-27 18:39:32.479] [debug] :electron.handler/open-dir {:path nil}
[2023-03-27 18:40:14.873] [debug] window-all-closed Quitting...
[2023-03-27 18:40:18.725] [info] Logseq App(0.8.18) Starting... 
[2023-03-27 18:40:18.729] [info] restore proxy settings {:type "system"}
[2023-03-27 18:40:18.729] [info] set proxy to {:type "system"}
[2023-03-27 18:40:22.340] [debug] :electron.handler/watch-dir {:path "/home/matteo/.logseq/config"}
[2023-03-27 18:40:22.391] [debug] :electron.handler/unwatch-dir {:path "/home/matteo/appunti/tecnologie_basi_dati"}
[2023-03-27 18:40:22.392] [debug] :electron.handler/watch-dir {:path "/home/matteo/appunti/tecnologie_basi_dati"}
[2023-03-27 18:44:19.830] [info] :electron.handler/open-dir open folder selection dialog
[2023-03-27 18:44:32.402] [debug] :electron.handler/open-dir {:path nil}
[2023-03-27 18:45:59.010] [info] :electron.handler/open-dir open folder selection dialog
[2023-03-27 18:46:06.404] [debug] :electron.handler/open-dir {:path nil}
[2023-03-27 18:46:10.125] [info] :electron.handler/open-dir open folder selection dialog
[2023-03-27 18:46:16.453] [debug] :electron.handler/open-dir {:path "/home/matteo/appunti/tecnologie_basi_dati"}
[2023-03-27 18:46:17.882] [debug] :electron.handler/watch-dir {:path "/home/matteo/appunti/tecnologie_basi_dati"}
[2023-03-27 18:46:24.098] [info] :electron.handler/open-dir open folder selection dialog
[2023-03-27 18:46:27.746] [debug] :electron.handler/open-dir {:path "/home/matteo/appunti/linguaggi_modelli_computazionali"}
[2023-03-27 18:46:27.830] [debug] :electron.handler/watch-dir {:path "/home/matteo/appunti/linguaggi_modelli_computazionali"}
[2023-03-27 18:51:51.960] [debug] window-all-closed Quitting...
[2023-03-27 19:18:52.137] [info] Logseq App(0.8.18) Starting... 
[2023-03-27 19:18:52.141] [info] restore proxy settings {:type "system"}
[2023-03-27 19:18:52.142] [info] set proxy to {:type "system"}
[2023-03-27 19:18:55.652] [debug] :electron.handler/watch-dir {:path "/home/matteo/.logseq/config"}
[2023-03-27 19:18:55.702] [debug] :electron.handler/unwatch-dir {:path "/home/matteo/appunti/linguaggi_modelli_computazionali"}
[2023-03-27 19:18:55.703] [debug] :electron.handler/watch-dir {:path "/home/matteo/appunti/linguaggi_modelli_computazionali"}
[2023-03-27 19:19:28.325] [debug] :electron.handler/watch-dir {:path "/home/matteo/appunti/fondamenti_intelligenza_artificiale"}
[2023-03-27 19:19:44.067] [debug] :electron.handler/watch-dir {:path "/home/matteo/appunti/linguaggi_modelli_computazionali"}
[2023-03-27 20:43:28.303] [debug] window-all-closed Quitting...
[2023-03-28 09:27:17.310] [info] Logseq App(0.8.18) Starting... 
[2023-03-28 09:27:17.314] [info] restore proxy settings {:type "system"}
[2023-03-28 09:27:17.314] [info] set proxy to {:type "system"}
[2023-03-28 09:27:19.861] [debug] :electron.handler/watch-dir {:path "/home/matteo/.logseq/config"}
[2023-03-28 09:27:19.916] [debug] :electron.handler/unwatch-dir {:path "/home/matteo/appunti/linguaggi_modelli_computazionali"}
[2023-03-28 09:27:19.917] [debug] :electron.handler/watch-dir {:path "/home/matteo/appunti/linguaggi_modelli_computazionali"}
[2023-03-28 09:37:24.327] [debug] :electron.handler/watch-dir {:path "/home/matteo/appunti/ingegneria_sistemi_software"}
[2023-03-28 14:38:21.234] [info] Logseq App(0.8.18) Starting... 
[2023-03-28 14:38:21.246] [info] restore proxy settings {:type "system"}
[2023-03-28 14:38:21.248] [info] set proxy to {:type "system"}
[2023-03-28 14:38:25.035] [debug] :electron.handler/watch-dir {:path "/home/matteo/.logseq/config"}
[2023-03-28 14:38:25.100] [debug] :electron.handler/unwatch-dir {:path "/home/matteo/appunti/ingegneria_sistemi_software"}
[2023-03-28 14:38:25.101] [debug] :electron.handler/watch-dir {:path "/home/matteo/appunti/ingegneria_sistemi_software"}
[2023-03-28 16:16:58.062] [debug] window-all-closed Quitting...
[2023-03-28 16:18:46.201] [info] Logseq App(0.8.18) Starting... 
[2023-03-28 16:18:46.204] [info] restore proxy settings {:type "system"}
[2023-03-28 16:18:46.205] [info] set proxy to {:type "system"}
[2023-03-28 16:18:48.839] [debug] :electron.handler/watch-dir {:path "/home/matteo/.logseq/config"}
[2023-03-28 16:18:48.872] [debug] :electron.handler/unwatch-dir {:path "/home/matteo/appunti/ingegneria_sistemi_software"}
[2023-03-28 16:18:48.873] [debug] :electron.handler/watch-dir {:path "/home/matteo/appunti/ingegneria_sistemi_software"}
[2023-03-28 16:18:52.614] [debug] :electron.handler/watch-dir {:path "/home/matteo/pensieri"}
[2023-03-28 17:36:07.973] [debug] window-all-closed Quitting...
[2023-03-28 17:51:02.634] [info] Logseq App(0.8.18) Starting... 
[2023-03-28 17:51:02.638] [info] restore proxy settings {:type "system"}
[2023-03-28 17:51:02.638] [info] set proxy to {:type "system"}
[2023-03-28 17:51:05.269] [debug] :electron.handler/watch-dir {:path "/home/matteo/.logseq/config"}
[2023-03-28 17:51:05.311] [debug] :electron.handler/unwatch-dir {:path "/home/matteo/pensieri"}
[2023-03-28 17:51:05.311] [debug] :electron.handler/watch-dir {:path "/home/matteo/pensieri"}
[2023-03-28 18:43:12.590] [debug] window-all-closed Quitting...
[2023-03-28 19:06:38.457] [info] Logseq App(0.8.18) Starting... 
[2023-03-28 19:06:38.462] [info] restore proxy settings {:type "system"}
[2023-03-28 19:06:38.463] [info] set proxy to {:type "system"}
[2023-03-28 19:06:41.713] [debug] :electron.handler/watch-dir {:path "/home/matteo/.logseq/config"}
[2023-03-28 19:06:41.763] [debug] :electron.handler/unwatch-dir {:path "/home/matteo/pensieri"}
[2023-03-28 19:06:41.764] [debug] :electron.handler/watch-dir {:path "/home/matteo/pensieri"}
[2023-03-28 19:07:13.687] [debug] :electron.handler/watch-dir {:path "/home/matteo/appunti/linguaggi_modelli_computazionali"}
[2023-03-28 23:23:41.415] [info] Logseq App(0.8.18) Starting... 
[2023-03-28 23:23:41.419] [info] restore proxy settings {:type "system"}
[2023-03-28 23:23:41.419] [info] set proxy to {:type "system"}
[2023-03-28 23:23:44.376] [debug] :electron.handler/watch-dir {:path "/home/matteo/.logseq/config"}
[2023-03-28 23:23:44.425] [debug] :electron.handler/unwatch-dir {:path "/home/matteo/appunti/linguaggi_modelli_computazionali"}
[2023-03-28 23:23:44.425] [debug] :electron.handler/watch-dir {:path "/home/matteo/appunti/linguaggi_modelli_computazionali"}
[2023-03-28 23:23:47.699] [debug] :electron.handler/watch-dir {:path "/home/matteo/pensieri"}
[2023-03-28 23:51:00.657] [debug] window-all-closed Quitting...
[2023-03-29 09:44:01.795] [info] Logseq App(0.8.18) Starting... 
[2023-03-29 09:44:01.799] [info] restore proxy settings {:type "system"}
[2023-03-29 09:44:01.800] [info] set proxy to {:type "system"}
[2023-03-29 09:44:05.042] [debug] :electron.handler/watch-dir {:path "/home/matteo/.logseq/config"}
[2023-03-29 09:44:05.104] [debug] :electron.handler/unwatch-dir {:path "/home/matteo/pensieri"}
[2023-03-29 09:44:05.106] [debug] :electron.handler/watch-dir {:path "/home/matteo/pensieri"}
[2023-03-29 09:44:11.633] [debug] :electron.handler/watch-dir {:path "/home/matteo/appunti/tecnologie_basi_dati"}
[2023-03-29 09:48:52.148] [info] :electron.handler/backup backup db file /home/matteo/appunti/tecnologie_basi_dati/logseq/custom.css
[2023-03-29 09:49:13.258] [info] :electron.handler/backup backup db file /home/matteo/appunti/tecnologie_basi_dati/logseq/custom.css
[2023-03-29 10:05:46.041] [debug] window-all-closed Quitting...
[2023-03-29 10:05:55.997] [info] Logseq App(0.8.18) Starting... 
[2023-03-29 10:05:56.001] [info] restore proxy settings {:type "system"}
[2023-03-29 10:05:56.002] [info] set proxy to {:type "system"}
[2023-03-29 10:05:59.213] [debug] :electron.handler/watch-dir {:path "/home/matteo/.logseq/config"}
[2023-03-29 10:05:59.259] [debug] :electron.handler/unwatch-dir {:path "/home/matteo/appunti/tecnologie_basi_dati"}
[2023-03-29 10:05:59.260] [debug] :electron.handler/watch-dir {:path "/home/matteo/appunti/tecnologie_basi_dati"}
[2023-03-29 11:18:31.544] [info] Logseq App(0.8.18) Starting... 
[2023-03-29 11:18:31.548] [info] restore proxy settings {:type "system"}
[2023-03-29 11:18:31.549] [info] set proxy to {:type "system"}
[2023-03-29 11:18:34.972] [debug] :electron.handler/watch-dir {:path "/home/matteo/.logseq/config"}
[2023-03-29 11:18:35.016] [debug] :electron.handler/unwatch-dir {:path "/home/matteo/appunti/tecnologie_basi_dati"}
[2023-03-29 11:18:35.017] [debug] :electron.handler/watch-dir {:path "/home/matteo/appunti/tecnologie_basi_dati"}
[2023-03-29 11:18:35.313] [info] :electron.handler/backup backup db file /home/matteo/appunti/tecnologie_basi_dati/journals/2023_03_16.md
[2023-03-29 13:29:19.183] [error] Search blocks failed:  SqliteError: fts5: syntax error near ""
[2023-03-29 13:29:53.169] [error] Search blocks failed:  SqliteError: no such column: d677
[2023-03-30 09:17:01.287] [info] Logseq App(0.8.18) Starting... 
[2023-03-30 09:17:01.293] [info] restore proxy settings {:type "system"}
[2023-03-30 09:17:01.294] [info] set proxy to {:type "system"}
[2023-03-30 09:17:04.910] [debug] :electron.handler/watch-dir {:path "/home/matteo/.logseq/config"}
[2023-03-30 09:17:04.950] [debug] :electron.handler/unwatch-dir {:path "/home/matteo/appunti/tecnologie_basi_dati"}
[2023-03-30 09:17:04.951] [debug] :electron.handler/watch-dir {:path "/home/matteo/appunti/tecnologie_basi_dati"}
[2023-03-30 09:17:05.378] [info] :electron.handler/backup backup db file /home/matteo/appunti/tecnologie_basi_dati/journals/2023_03_16.md
[2023-03-30 09:17:05.385] [info] :electron.handler/backup backup db file /home/matteo/appunti/tecnologie_basi_dati/pages/TRANSAZIONI.md
[2023-03-30 09:17:42.916] [debug] :electron.handler/watch-dir {:path "/home/matteo/appunti/fondamenti_intelligenza_artificiale"}
[2023-03-30 09:43:05.754] [info] :electron.handler/backup backup db file /home/matteo/appunti/fondamenti_intelligenza_artificiale/logseq/custom.css
[2023-03-30 11:49:09.769] [debug] window-all-closed Quitting...
[2023-03-30 12:18:15.462] [info] Logseq App(0.8.18) Starting... 
[2023-03-30 12:18:15.465] [info] restore proxy settings {:type "system"}
[2023-03-30 12:18:15.465] [info] set proxy to {:type "system"}
[2023-03-30 12:18:18.072] [debug] :electron.handler/watch-dir {:path "/home/matteo/.logseq/config"}
[2023-03-30 12:18:18.108] [debug] :electron.handler/unwatch-dir {:path "/home/matteo/appunti/fondamenti_intelligenza_artificiale"}
[2023-03-30 12:18:18.108] [debug] :electron.handler/watch-dir {:path "/home/matteo/appunti/fondamenti_intelligenza_artificiale"}
[2023-03-30 12:18:26.252] [debug] :electron.handler/watch-dir {:path "/home/matteo/appunti/ingegneria_sistemi_software"}
[2023-03-30 12:18:28.918] [debug] :electron.handler/watch-dir {:path "/home/matteo/appunti/tecnologie_basi_dati"}
[2023-03-30 12:37:45.958] [error] Search blocks failed:  SqliteError: fts5: syntax error near ")"
[2023-03-30 12:37:45.966] [error] Search blocks failed:  SqliteError: fts5: syntax error near ")"
[2023-03-30 13:34:55.664] [debug] window-all-closed Quitting...
[2023-03-30 14:10:17.202] [info] Logseq App(0.8.18) Starting... 
[2023-03-30 14:10:17.207] [info] restore proxy settings {:type "system"}
[2023-03-30 14:10:17.208] [info] set proxy to {:type "system"}
[2023-03-30 14:10:20.761] [debug] :electron.handler/watch-dir {:path "/home/matteo/.logseq/config"}
[2023-03-30 14:10:20.812] [debug] :electron.handler/unwatch-dir {:path "/home/matteo/appunti/tecnologie_basi_dati"}
[2023-03-30 14:10:20.813] [debug] :electron.handler/watch-dir {:path "/home/matteo/appunti/tecnologie_basi_dati"}
[2023-03-30 14:14:15.250] [debug] :electron.handler/watch-dir {:path "/home/matteo/appunti/fondamenti_intelligenza_artificiale"}
[2023-03-30 14:16:35.634] [info] :electron.handler/rename from /home/matteo/appunti/fondamenti_intelligenza_artificiale/pages/STUDENT CHALLENGE TABLUT ___tu.md to /home/matteo/appunti/fondamenti_intelligenza_artificiale/pages/STUDENT CHALLENGE TABLUT.md
[2023-03-30 14:16:35.744] [debug] :electron.fs-watcher/on-unlink {:path "/home/matteo/appunti/fondamenti_intelligenza_artificiale/pages/STUDENT CHALLENGE TABLUT ___tu.md"}
[2023-03-30 14:23:25.499] [error] Search blocks failed:  SqliteError: fts5: syntax error near "#"
[2023-03-30 14:23:25.515] [error] Search blocks failed:  SqliteError: fts5: syntax error near "#"
[2023-03-30 14:23:26.585] [error] Search blocks failed:  SqliteError: fts5: syntax error near "#"
[2023-03-30 14:23:28.459] [error] Search blocks failed:  SqliteError: fts5: syntax error near "#"
[2023-03-30 14:23:29.325] [error] Search blocks failed:  SqliteError: fts5: syntax error near "#"
[2023-03-30 14:23:30.209] [error] Search blocks failed:  SqliteError: fts5: syntax error near "#"
[2023-03-30 14:23:31.057] [error] Search blocks failed:  SqliteError: fts5: syntax error near "#"
[2023-03-30 14:23:31.198] [error] Search blocks failed:  SqliteError: fts5: syntax error near "#"
[2023-03-30 14:23:31.336] [error] Search blocks failed:  SqliteError: fts5: syntax error near "#"
[2023-03-30 14:23:31.477] [error] Search blocks failed:  SqliteError: fts5: syntax error near "#"
[2023-03-30 14:23:31.616] [error] Search blocks failed:  SqliteError: fts5: syntax error near "#"
[2023-03-30 14:23:31.752] [error] Search blocks failed:  SqliteError: fts5: syntax error near "#"
[2023-03-30 14:23:31.883] [error] Search blocks failed:  SqliteError: fts5: syntax error near "#"
[2023-03-30 14:23:32.011] [error] Search blocks failed:  SqliteError: fts5: syntax error near "#"
[2023-03-30 14:23:32.157] [error] Search blocks failed:  SqliteError: fts5: syntax error near "#"
[2023-03-30 15:42:23.618] [debug] :electron.handler/watch-dir {:path "/home/matteo/appunti/linguaggi_modelli_computazionali"}
[2023-03-30 15:42:27.250] [debug] :electron.handler/watch-dir {:path "/home/matteo/appunti/tecnologie_basi_dati"}
[2023-03-30 15:42:32.417] [debug] :electron.handler/watch-dir {:path "/home/matteo/appunti/ingegneria_sistemi_software"}
[2023-03-30 22:21:31.209] [info] Logseq App(0.8.18) Starting... 
[2023-03-30 22:21:31.213] [info] restore proxy settings {:type "system"}
[2023-03-30 22:21:31.213] [info] set proxy to {:type "system"}
[2023-03-30 22:21:34.043] [debug] :electron.handler/watch-dir {:path "/home/matteo/.logseq/config"}
[2023-03-30 22:21:34.081] [debug] :electron.handler/unwatch-dir {:path "/home/matteo/appunti/ingegneria_sistemi_software"}
[2023-03-30 22:21:34.081] [debug] :electron.handler/watch-dir {:path "/home/matteo/appunti/ingegneria_sistemi_software"}
[2023-03-30 23:56:12.591] [debug] window-all-closed Quitting...
[2023-03-31 10:01:05.633] [info] Logseq App(0.8.18) Starting... 
[2023-03-31 10:01:05.638] [info] restore proxy settings {:type "system"}
[2023-03-31 10:01:05.638] [info] set proxy to {:type "system"}
[2023-03-31 10:01:09.235] [debug] :electron.handler/watch-dir {:path "/home/matteo/.logseq/config"}
[2023-03-31 10:01:09.277] [debug] :electron.handler/unwatch-dir {:path "/home/matteo/appunti/ingegneria_sistemi_software"}
[2023-03-31 10:01:09.278] [debug] :electron.handler/watch-dir {:path "/home/matteo/appunti/ingegneria_sistemi_software"}
[2023-03-31 12:15:51.403] [debug] window-all-closed Quitting...
[2023-03-31 12:16:02.037] [info] Logseq App(0.8.18) Starting... 
[2023-03-31 12:16:02.042] [info] restore proxy settings {:type "system"}
[2023-03-31 12:16:02.043] [info] set proxy to {:type "system"}
[2023-03-31 12:16:05.327] [debug] :electron.handler/watch-dir {:path "/home/matteo/.logseq/config"}
[2023-03-31 12:16:05.379] [debug] :electron.handler/unwatch-dir {:path "/home/matteo/appunti/ingegneria_sistemi_software"}
[2023-03-31 12:16:05.380] [debug] :electron.handler/watch-dir {:path "/home/matteo/appunti/ingegneria_sistemi_software"}
[2023-03-31 12:16:12.940] [debug] :electron.handler/watch-dir {:path "/home/matteo/appunti/fondamenti_intelligenza_artificiale"}
[2023-03-31 12:43:53.704] [info] :electron.handler/backup backup db file /home/matteo/appunti/fondamenti_intelligenza_artificiale/logseq/custom.css
[2023-03-31 14:31:12.115] [info] Logseq App(0.8.18) Starting... 
[2023-03-31 14:31:12.118] [info] restore proxy settings {:type "system"}
[2023-03-31 14:31:12.119] [info] set proxy to {:type "system"}
[2023-03-31 14:31:14.780] [debug] :electron.handler/watch-dir {:path "/home/matteo/.logseq/config"}
[2023-03-31 14:31:14.815] [debug] :electron.handler/unwatch-dir {:path "/home/matteo/appunti/fondamenti_intelligenza_artificiale"}
[2023-03-31 14:31:14.816] [debug] :electron.handler/watch-dir {:path "/home/matteo/appunti/fondamenti_intelligenza_artificiale"}
[2023-03-31 14:31:15.217] [info] :electron.handler/backup backup db file /home/matteo/appunti/fondamenti_intelligenza_artificiale/logseq/custom.css
[2023-03-31 14:31:15.258] [info] :electron.handler/backup backup db file /home/matteo/appunti/fondamenti_intelligenza_artificiale/pages/SODDISFACIMENTO DI VINCOLI.md
[2023-03-31 14:31:20.806] [debug] :electron.handler/watch-dir {:path "/home/matteo/appunti/ingegneria_sistemi_software"}
